cuda
Started at 2023-02-19 19:07:38.457924
(2584600, 13)
Static features ['AGE019', 'AGE2029', 'AGE3039', 'AGE4049', 'AGE5064', 'AGE6579', 'AGE80PLUS'].   Choosing feature AGE019.
There are 3224 unique counties in the dataset.
Train samples 2039744, validation samples 90272, test samples 90272
640 days of training, 15 days of validation data, 15 days of test data.
Scaling static and dynamic input features: ['AGE019', 'VaccinationFull']
Scaling targets ['Cases']
Number of parameters in network: 16.5k

---Training results--

Delta 0.001.
Feature AGE019, mu_star 0.0067095, sensitivity 0.00064378
Feature VaccinationFull, mu_star 0.0031704, sensitivity 0.00060027

Delta 0.002.
Feature AGE019, mu_star 0.006508, sensitivity 0.00062445
Feature VaccinationFull, mu_star 0.0023622, sensitivity 0.00044726

Delta 0.003.
Feature AGE019, mu_star 0.0059756, sensitivity 0.00057336
Feature VaccinationFull, mu_star 0.0021523, sensitivity 0.00040751

Delta 0.004.
Feature AGE019, mu_star 0.0051648, sensitivity 0.00049556
Feature VaccinationFull, mu_star 0.0018698, sensitivity 0.00035402

Delta 0.005.
Feature AGE019, mu_star 0.0046646, sensitivity 0.00044757
Feature VaccinationFull, mu_star 0.0016575, sensitivity 0.00031384

Delta 0.006.
Feature AGE019, mu_star 0.0041479, sensitivity 0.00039799
Feature VaccinationFull, mu_star 0.0015048, sensitivity 0.00028491

Delta 0.007.
Feature AGE019, mu_star 0.0037528, sensitivity 0.00036008
Feature VaccinationFull, mu_star 0.0013917, sensitivity 0.0002635

Delta 0.008.
Feature AGE019, mu_star 0.0034567, sensitivity 0.00033167
Feature VaccinationFull, mu_star 0.0013303, sensitivity 0.00025188

Delta 0.009.
Feature AGE019, mu_star 0.0031725, sensitivity 0.0003044
Feature VaccinationFull, mu_star 0.0012458, sensitivity 0.00023587

0.001
0.002
0.003
0.004
0.005
0.006
0.007
0.008
0.009
Ended at 2023-02-20 02:02:13.747483. Elapsed time 6:54:35.289571
