cuda
Started at 2023-02-19 01:40:56.548239
(2584600, 13)
Static features ['AGE019', 'AGE2029', 'AGE3039', 'AGE4049', 'AGE5064', 'AGE6579', 'AGE80PLUS'].   Choosing feature AGE2029.
There are 3224 unique counties in the dataset.
Train samples 2039744, validation samples 90272, test samples 90272
640 days of training, 15 days of validation data, 15 days of test data.
Scaling static and dynamic input features: ['AGE2029', 'VaccinationFull']
Scaling targets ['Cases']
Number of parameters in network: 16.5k

---Training results--

Delta 0.001.
Feature AGE2029, mu_star 0.0096931, sensitivity 0.00079492
Feature VaccinationFull, mu_star 0.0043885, sensitivity 0.0008309

Delta 0.002.
Feature AGE2029, mu_star 0.0083687, sensitivity 0.00068631
Feature VaccinationFull, mu_star 0.0034176, sensitivity 0.00064708

Delta 0.003.
Feature AGE2029, mu_star 0.0071279, sensitivity 0.00058455
Feature VaccinationFull, mu_star 0.0032005, sensitivity 0.00060597

Delta 0.004.
Feature AGE2029, mu_star 0.0061385, sensitivity 0.00050341
Feature VaccinationFull, mu_star 0.0029016, sensitivity 0.00054938

Delta 0.005.
Feature AGE2029, mu_star 0.0059152, sensitivity 0.0004851
Feature VaccinationFull, mu_star 0.0026666, sensitivity 0.00050489

Delta 0.006.
Feature AGE2029, mu_star 0.0051141, sensitivity 0.0004194
Feature VaccinationFull, mu_star 0.0024923, sensitivity 0.00047189

Delta 0.007.
Feature AGE2029, mu_star 0.004615, sensitivity 0.00037847
Feature VaccinationFull, mu_star 0.0023694, sensitivity 0.00044862

Delta 0.008.
Feature AGE2029, mu_star 0.0041989, sensitivity 0.00034434
Feature VaccinationFull, mu_star 0.0023058, sensitivity 0.00043657

Delta 0.009.
Feature AGE2029, mu_star 0.003862, sensitivity 0.00031672
Feature VaccinationFull, mu_star 0.0022242, sensitivity 0.00042113

0.001
0.002
0.003
0.004
0.005
0.006
0.007
0.008
0.009
Ended at 2023-02-19 08:14:19.989381. Elapsed time 6:33:23.441156
