cuda
Started at 2023-02-19 19:29:09.390797
(2584600, 13)
Static features ['AGE019', 'AGE2029', 'AGE3039', 'AGE4049', 'AGE5064', 'AGE6579', 'AGE80PLUS'].   Choosing feature AGE4049.
There are 3224 unique counties in the dataset.
Train samples 2039744, validation samples 90272, test samples 90272
640 days of training, 15 days of validation data, 15 days of test data.
Scaling static and dynamic input features: ['AGE4049', 'VaccinationFull']
Scaling targets ['Cases']
Number of parameters in network: 16.5k

---Training results--

Delta 0.001.
Feature AGE4049, mu_star 0.0075524, sensitivity 0.0007504
Feature VaccinationFull, mu_star 0.0040967, sensitivity 0.00077566

Delta 0.002.
Feature AGE4049, mu_star 0.0065961, sensitivity 0.00065538
Feature VaccinationFull, mu_star 0.0029278, sensitivity 0.00055433

Delta 0.003.
Feature AGE4049, mu_star 0.0056699, sensitivity 0.00056336
Feature VaccinationFull, mu_star 0.0026701, sensitivity 0.00050555

Delta 0.004.
Feature AGE4049, mu_star 0.0053497, sensitivity 0.00053154
Feature VaccinationFull, mu_star 0.002352, sensitivity 0.00044532

Delta 0.005.
Feature AGE4049, mu_star 0.004902, sensitivity 0.00048706
Feature VaccinationFull, mu_star 0.002104, sensitivity 0.00039837

Delta 0.006.
Feature AGE4049, mu_star 0.0045878, sensitivity 0.00045584
Feature VaccinationFull, mu_star 0.0019075, sensitivity 0.00036117

Delta 0.007.
Feature AGE4049, mu_star 0.0043241, sensitivity 0.00042964
Feature VaccinationFull, mu_star 0.0017722, sensitivity 0.00033555

Delta 0.008.
Feature AGE4049, mu_star 0.0039855, sensitivity 0.00039599
Feature VaccinationFull, mu_star 0.0016898, sensitivity 0.00031995

Delta 0.009.
Feature AGE4049, mu_star 0.0036467, sensitivity 0.00036233
Feature VaccinationFull, mu_star 0.0015983, sensitivity 0.00030261

0.001
0.002
0.003
0.004
0.005
0.006
0.007
0.008
0.009
Ended at 2023-02-20 02:16:45.483956. Elapsed time 6:47:36.093172
