cuda
Started at 2023-02-19 19:38:29.125426
(2584600, 13)
Static features ['AGE019', 'AGE2029', 'AGE3039', 'AGE4049', 'AGE5064', 'AGE6579', 'AGE80PLUS'].   Choosing feature AGE80PLUS.
There are 3224 unique counties in the dataset.
Train samples 2039744, validation samples 90272, test samples 90272
640 days of training, 15 days of validation data, 15 days of test data.
Scaling static and dynamic input features: ['AGE80PLUS', 'VaccinationFull']
Scaling targets ['Cases']
Number of parameters in network: 16.5k

---Training results--

Delta 0.001.
Feature AGE80PLUS, mu_star 0.010436, sensitivity 0.0008001
Feature VaccinationFull, mu_star 0.0038327, sensitivity 0.00072568

Delta 0.002.
Feature AGE80PLUS, mu_star 0.008778, sensitivity 0.00067299
Feature VaccinationFull, mu_star 0.0028983, sensitivity 0.00054875

Delta 0.003.
Feature AGE80PLUS, mu_star 0.0074014, sensitivity 0.00056745
Feature VaccinationFull, mu_star 0.0026227, sensitivity 0.00049657

Delta 0.004.
Feature AGE80PLUS, mu_star 0.0066085, sensitivity 0.00050666
Feature VaccinationFull, mu_star 0.0022939, sensitivity 0.00043431

Delta 0.005.
Feature AGE80PLUS, mu_star 0.0058707, sensitivity 0.00045009
Feature VaccinationFull, mu_star 0.0020462, sensitivity 0.00038743

Delta 0.006.
Feature AGE80PLUS, mu_star 0.0053135, sensitivity 0.00040737
Feature VaccinationFull, mu_star 0.0018531, sensitivity 0.00035086

Delta 0.007.
Feature AGE80PLUS, mu_star 0.0047773, sensitivity 0.00036626
Feature VaccinationFull, mu_star 0.0017145, sensitivity 0.00032463

Delta 0.008.
Feature AGE80PLUS, mu_star 0.0044681, sensitivity 0.00034256
Feature VaccinationFull, mu_star 0.0016287, sensitivity 0.00030837

Delta 0.009.
Feature AGE80PLUS, mu_star 0.0040976, sensitivity 0.00031415
Feature VaccinationFull, mu_star 0.0015332, sensitivity 0.00029029

0.001
0.002
0.003
0.004
0.005
0.006
0.007
0.008
0.009
Ended at 2023-02-20 03:02:06.045278. Elapsed time 7:23:36.919865
