cuda
Started at 2023-02-19 19:31:27.033207
(2584600, 13)
Static features ['AGE019', 'AGE2029', 'AGE3039', 'AGE4049', 'AGE5064', 'AGE6579', 'AGE80PLUS'].   Choosing feature AGE5064.
There are 3224 unique counties in the dataset.
Train samples 2039744, validation samples 90272, test samples 90272
640 days of training, 15 days of validation data, 15 days of test data.
Scaling static and dynamic input features: ['AGE5064', 'VaccinationFull']
Scaling targets ['Cases']
Number of parameters in network: 16.5k

---Training results--

Delta 0.001.
Feature AGE5064, mu_star 0.0038033, sensitivity 0.00046056
Feature VaccinationFull, mu_star 0.0030621, sensitivity 0.00057977

Delta 0.002.
Feature AGE5064, mu_star 0.0040066, sensitivity 0.00048517
Feature VaccinationFull, mu_star 0.0022699, sensitivity 0.00042978

Delta 0.003.
Feature AGE5064, mu_star 0.0041171, sensitivity 0.00049855
Feature VaccinationFull, mu_star 0.0020615, sensitivity 0.00039032

Delta 0.004.
Feature AGE5064, mu_star 0.0037669, sensitivity 0.00045615
Feature VaccinationFull, mu_star 0.0017966, sensitivity 0.00034017

Delta 0.005.
Feature AGE5064, mu_star 0.0034768, sensitivity 0.00042102
Feature VaccinationFull, mu_star 0.0015662, sensitivity 0.00029655

Delta 0.006.
Feature AGE5064, mu_star 0.003114, sensitivity 0.00037709
Feature VaccinationFull, mu_star 0.0014074, sensitivity 0.00026648

Delta 0.007.
Feature AGE5064, mu_star 0.0028722, sensitivity 0.0003478
Feature VaccinationFull, mu_star 0.0013041, sensitivity 0.00024691

Delta 0.008.
Feature AGE5064, mu_star 0.0027591, sensitivity 0.00033411
Feature VaccinationFull, mu_star 0.0012442, sensitivity 0.00023557

Delta 0.009.
Feature AGE5064, mu_star 0.002611, sensitivity 0.00031618
Feature VaccinationFull, mu_star 0.0011663, sensitivity 0.00022082

0.001
0.002
0.003
0.004
0.005
0.006
0.007
0.008
0.009
Ended at 2023-02-20 02:17:33.052391. Elapsed time 6:46:06.019197
