cuda
Started at 2023-02-20 13:42:40.923706
(2584600, 10)
Static features ['Health Care and Social Assistance', 'Manufacturing', 'Retail Trade', 'Accommodation and Food Services'].   Choosing feature Manufacturing.
There are 3224 unique counties in the dataset.
Train samples 2039744, validation samples 90272, test samples 90272
640 days of training, 15 days of validation data, 15 days of test data.
Scaling static and dynamic input features: ['Manufacturing', 'VaccinationFull']
Scaling targets ['Cases']
Number of parameters in network: 16.5k

---Training results--

Delta 0.001.
Feature Manufacturing, mu_star 0.0039782, sensitivity 0.00052078
Feature VaccinationFull, mu_star 0.0035317, sensitivity 0.00066868

Delta 0.002.
Feature Manufacturing, mu_star 0.003973, sensitivity 0.00052011
Feature VaccinationFull, mu_star 0.0026176, sensitivity 0.00049561

Delta 0.003.
Feature Manufacturing, mu_star 0.0036319, sensitivity 0.00047545
Feature VaccinationFull, mu_star 0.0023902, sensitivity 0.00045256

Delta 0.004.
Feature Manufacturing, mu_star 0.0033668, sensitivity 0.00044074
Feature VaccinationFull, mu_star 0.0020872, sensitivity 0.00039518

Delta 0.005.
Feature Manufacturing, mu_star 0.0032334, sensitivity 0.00042329
Feature VaccinationFull, mu_star 0.0018681, sensitivity 0.0003537

Delta 0.006.
Feature Manufacturing, mu_star 0.0032637, sensitivity 0.00042725
Feature VaccinationFull, mu_star 0.001708, sensitivity 0.00032338

Delta 0.007.
Feature Manufacturing, mu_star 0.0030177, sensitivity 0.00039505
Feature VaccinationFull, mu_star 0.0015881, sensitivity 0.00030069

Delta 0.008.
Feature Manufacturing, mu_star 0.0028346, sensitivity 0.00037107
Feature VaccinationFull, mu_star 0.0015199, sensitivity 0.00028777

Delta 0.009.
Feature Manufacturing, mu_star 0.0027204, sensitivity 0.00035613
Feature VaccinationFull, mu_star 0.0014357, sensitivity 0.00027183

0.001
0.002
0.003
0.004
0.005
0.006
0.007
0.008
0.009
Ended at 2023-02-20 20:25:07.644513. Elapsed time 6:42:26.720832
