cuda
Started at 2023-02-20 13:45:32.733406
(2584600, 10)
Static features ['Health Care and Social Assistance', 'Manufacturing', 'Retail Trade', 'Accommodation and Food Services'].   Choosing feature Retail Trade.
There are 3224 unique counties in the dataset.
Train samples 2039744, validation samples 90272, test samples 90272
640 days of training, 15 days of validation data, 15 days of test data.
Scaling static and dynamic input features: ['Retail Trade', 'VaccinationFull']
Scaling targets ['Cases']
Number of parameters in network: 16.5k

---Training results--

Delta 0.001.
Feature Retail Trade, mu_star 0.0074424, sensitivity 0.00048241
Feature VaccinationFull, mu_star 0.0035015, sensitivity 0.00066297

Delta 0.002.
Feature Retail Trade, mu_star 0.006476, sensitivity 0.00041976
Feature VaccinationFull, mu_star 0.0025855, sensitivity 0.00048954

Delta 0.003.
Feature Retail Trade, mu_star 0.005679, sensitivity 0.00036811
Feature VaccinationFull, mu_star 0.0023801, sensitivity 0.00045064

Delta 0.004.
Feature Retail Trade, mu_star 0.0048141, sensitivity 0.00031204
Feature VaccinationFull, mu_star 0.0020747, sensitivity 0.00039281

Delta 0.005.
Feature Retail Trade, mu_star 0.0042351, sensitivity 0.00027451
Feature VaccinationFull, mu_star 0.0018396, sensitivity 0.0003483

Delta 0.006.
Feature Retail Trade, mu_star 0.0038133, sensitivity 0.00024717
Feature VaccinationFull, mu_star 0.0016697, sensitivity 0.00031614

Delta 0.007.
Feature Retail Trade, mu_star 0.0034043, sensitivity 0.00022066
Feature VaccinationFull, mu_star 0.0015458, sensitivity 0.00029268

Delta 0.008.
Feature Retail Trade, mu_star 0.0030437, sensitivity 0.00019729
Feature VaccinationFull, mu_star 0.0014805, sensitivity 0.00028032

Delta 0.009.
Feature Retail Trade, mu_star 0.0027519, sensitivity 0.00017837
Feature VaccinationFull, mu_star 0.0013941, sensitivity 0.00026396

0.001
0.002
0.003
0.004
0.005
0.006
0.007
0.008
0.009
Ended at 2023-02-20 20:59:26.818063. Elapsed time 7:13:54.084686
