2023-01-24 16:41:31.671515: I tensorflow/core/platform/cpu_feature_guard.cc:193] This TensorFlow binary is optimized with oneAPI Deep Neural Network Library (oneDNN) to use the following CPU instructions in performance-critical operations:  AVX2 FMA
To enable them in other operations, rebuild TensorFlow with the appropriate compiler flags.
2023-01-24 16:41:31.864479: E tensorflow/stream_executor/cuda/cuda_blas.cc:2981] Unable to register cuBLAS factory: Attempting to register factory for plugin cuBLAS when one has already been registered
2023-01-24 16:41:33.165605: W tensorflow/stream_executor/platform/default/dso_loader.cc:64] Could not load dynamic library 'libnvinfer.so.7'; dlerror: libnvinfer.so.7: cannot open shared object file: No such file or directory; LD_LIBRARY_PATH: /u/mi3se/anaconda3/envs/ml/lib:/sw/centos-7.4/anaconda3/current/lib:/sw/centos-7.4/cudnn/current/lib64:/sw/centos-7.4/cuda/current/extras/CUPTI/lib64:/sw/centos-7.4/cuda/current/lib64:/u/mi3se/anaconda3/envs/ml/lib/
2023-01-24 16:41:33.165727: W tensorflow/stream_executor/platform/default/dso_loader.cc:64] Could not load dynamic library 'libnvinfer_plugin.so.7'; dlerror: libnvinfer_plugin.so.7: cannot open shared object file: No such file or directory; LD_LIBRARY_PATH: /u/mi3se/anaconda3/envs/ml/lib:/sw/centos-7.4/anaconda3/current/lib:/sw/centos-7.4/cudnn/current/lib64:/sw/centos-7.4/cuda/current/extras/CUPTI/lib64:/sw/centos-7.4/cuda/current/lib64:/u/mi3se/anaconda3/envs/ml/lib/
2023-01-24 16:41:33.165741: W tensorflow/compiler/tf2tensorrt/utils/py_utils.cc:38] TF-TRT Warning: Cannot dlopen some TensorRT libraries. If you would like to use Nvidia GPU with TensorRT, please make sure the missing libraries mentioned above are installed properly.
slurmstepd: error: *** JOB 3847886 ON lynx10 CANCELLED AT 2023-01-24T16:41:35 ***
2023-01-24 16:50:48.014376: E tensorflow/stream_executor/cuda/cuda_driver.cc:265] failed call to cuInit: CUDA_ERROR_UNKNOWN: unknown error
2023-01-24 16:50:48.014818: I tensorflow/stream_executor/cuda/cuda_diagnostics.cc:169] retrieving CUDA diagnostic information for host: lynx10
2023-01-24 16:50:48.014836: I tensorflow/stream_executor/cuda/cuda_diagnostics.cc:176] hostname: lynx10
2023-01-24 16:50:48.015043: I tensorflow/stream_executor/cuda/cuda_diagnostics.cc:200] libcuda reported version is: 418.87.0
2023-01-24 16:50:48.015108: I tensorflow/stream_executor/cuda/cuda_diagnostics.cc:204] kernel reported version is: 418.87.0
2023-01-24 16:50:48.015120: I tensorflow/stream_executor/cuda/cuda_diagnostics.cc:310] kernel version seems to match DSO: 418.87.0
2023-01-24 16:50:48.015957: I tensorflow/core/platform/cpu_feature_guard.cc:193] This TensorFlow binary is optimized with oneAPI Deep Neural Network Library (oneDNN) to use the following CPU instructions in performance-critical operations:  AVX2 FMA
To enable them in other operations, rebuild TensorFlow with the appropriate compiler flags.
2023-01-24 16:50:48.016723: W tensorflow/core/framework/cpu_allocator_impl.cc:82] Allocation of 3199058720 exceeds 10% of free system memory.
   FIPS  AgeDist  HealthDisp  ... TimeFromStart  SinWeekly  CosWeekly
0  1001   0.1611       4.202  ...             0    -0.9749    -0.2225
1  1001   0.1611       4.202  ...             1    -0.7818     0.6235
2  1001   0.1611       4.202  ...             2     0.0000     1.0000

[3 rows x 12 columns]
Shapes: train (3160852, 12), validation (87976, 12), test (87976, 12).
Shapes: data (3076018, 13, 10), labels (3076018, 15).
Shapes: data (3142, 13, 10), labels (3142, 15).
Shapes: data (3142, 13, 10), labels (3142, 15).
Model: "sequential"
_________________________________________________________________
 Layer (type)                Output Shape              Param #   
=================================================================
 lstm (LSTM)                 (None, 13, 128)           71168     
                                                                 
 dropout (Dropout)           (None, 13, 128)           0         
                                                                 
 lstm_1 (LSTM)               (None, 128)               131584    
                                                                 
 dense (Dense)               (None, 15)                1935      
                                                                 
=================================================================
Total params: 204,687
Trainable params: 204,687
Non-trainable params: 0
_________________________________________________________________
2023-01-24 16:50:53.428672: W tensorflow/core/framework/cpu_allocator_impl.cc:82] Allocation of 3199058720 exceeds 10% of free system memory.

----Training started at 2023-01-24 16:50:53.415796----

Epoch 1/200
24032/24032 - 1627s - loss: 0.6673 - val_loss: 1.1713 - 1627s/epoch - 68ms/step
Epoch 2/200
24032/24032 - 1642s - loss: 0.5322 - val_loss: 1.1559 - 1642s/epoch - 68ms/step
Epoch 3/200
24032/24032 - 1665s - loss: 0.4771 - val_loss: 1.1117 - 1665s/epoch - 69ms/step
Epoch 4/200
24032/24032 - 1676s - loss: 0.4421 - val_loss: 1.0937 - 1676s/epoch - 70ms/step
Epoch 5/200
24032/24032 - 1697s - loss: 0.4192 - val_loss: 1.0813 - 1697s/epoch - 71ms/step
Epoch 6/200
24032/24032 - 1723s - loss: 0.4022 - val_loss: 1.0810 - 1723s/epoch - 72ms/step
Epoch 7/200
24032/24032 - 1736s - loss: 0.3857 - val_loss: 1.0698 - 1736s/epoch - 72ms/step
Epoch 8/200
24032/24032 - 1738s - loss: 0.3734 - val_loss: 1.0757 - 1738s/epoch - 72ms/step
Epoch 9/200
24032/24032 - 1750s - loss: 0.3653 - val_loss: 1.0743 - 1750s/epoch - 73ms/step
Epoch 10/200
24032/24032 - 1765s - loss: 0.3586 - val_loss: 1.0859 - 1765s/epoch - 73ms/step
Epoch 11/200
24032/24032 - 1769s - loss: 0.3470 - val_loss: 1.0987 - 1769s/epoch - 74ms/step
Epoch 12/200
24032/24032 - 1775s - loss: 0.3460 - val_loss: 1.1259 - 1775s/epoch - 74ms/step
2023-01-24 22:33:39.782341: W tensorflow/core/framework/cpu_allocator_impl.cc:82] Allocation of 3199058720 exceeds 10% of free system memory.
2023-01-24 22:33:47.137634: W tensorflow/core/framework/cpu_allocator_impl.cc:82] Allocation of 3199058720 exceeds 10% of free system memory.

----Training ended at 2023-01-24 22:33:38.763387, elapsed time 5:42:45.347591.
Best model by validation loss saved at scratch/results_BiLSTM_split_dec/model.h5.
Loading best model.

Train prediction
24032/24032 - 603s - 603s/epoch - 25ms/step
               FIPS         Cases  Predicted_Cases
count  3.113722e+06  3.113722e+06     3.113722e+06
mean   3.038365e+04  2.552625e+01     2.636971e+01
std    1.516010e+04  1.737102e+02     1.187446e+02
min    1.001000e+03  0.000000e+00     0.000000e+00
25%    1.817700e+04  0.000000e+00     1.000000e+00
50%    2.917600e+04  0.000000e+00     4.000000e+00
75%    4.508100e+04  9.000000e+00     1.200000e+01
max    5.604500e+04  2.232350e+04     5.968000e+03
Target Cases, MAE 14.833, RMSE 105.13, RMSLE 1.232, SMAPE 0.97649. NNSE 0.7319.


Validation prediction
25/25 - 1s - 670ms/epoch - 27ms/step
               FIPS         Cases  Predicted_Cases
count  40846.000000  40846.000000     40846.000000
mean   30383.649268     12.520112        13.997527
std    15160.280886    200.647278        78.366184
min     1001.000000      0.000000         0.000000
25%    18177.000000      0.000000         1.000000
50%    29176.000000      0.000000         3.000000
75%    45081.000000      0.000000         7.000000
max    56045.000000  22323.500000      3676.000000
Target Cases, MAE 20.324, RMSE 185.1, RMSLE 1.8093, SMAPE 1.5073. NNSE 0.54022.


Test prediction
25/25 - 1s - 664ms/epoch - 27ms/step
               FIPS         Cases  Predicted_Cases
count  40846.000000  40846.000000     40846.000000
mean   30383.649268     12.656258        14.327400
std    15160.280886    159.287351        99.777923
min     1001.000000      0.000000         0.000000
25%    18177.000000      0.000000         0.000000
50%    29176.000000      0.000000         2.000000
75%    45081.000000      0.000000         5.000000
max    56045.000000  19054.000000      3591.000000
Target Cases, MAE 17.606, RMSE 144.6, RMSLE 1.6267, SMAPE 1.165. NNSE 0.54822.

Ended at 2023-01-24 23:38:47.967173. Elapsed time 6:47:54.551409
