2023-01-21 20:07:32.903488: I tensorflow/core/platform/cpu_feature_guard.cc:193] This TensorFlow binary is optimized with oneAPI Deep Neural Network Library (oneDNN) to use the following CPU instructions in performance-critical operations:  AVX2 FMA
To enable them in other operations, rebuild TensorFlow with the appropriate compiler flags.
2023-01-21 20:07:33.062227: E tensorflow/stream_executor/cuda/cuda_blas.cc:2981] Unable to register cuBLAS factory: Attempting to register factory for plugin cuBLAS when one has already been registered
2023-01-21 20:07:34.055945: W tensorflow/stream_executor/platform/default/dso_loader.cc:64] Could not load dynamic library 'libnvinfer.so.7'; dlerror: libnvinfer.so.7: cannot open shared object file: No such file or directory; LD_LIBRARY_PATH: /u/mi3se/anaconda3/envs/ml/lib:/sw/centos-7.4/anaconda3/current/lib:/sw/centos-7.4/cudnn/current/lib64:/sw/centos-7.4/cuda/current/extras/CUPTI/lib64:/sw/centos-7.4/cuda/current/lib64:/lib::/u/mi3se/anaconda3/envs/ml/lib/
2023-01-21 20:07:34.056065: W tensorflow/stream_executor/platform/default/dso_loader.cc:64] Could not load dynamic library 'libnvinfer_plugin.so.7'; dlerror: libnvinfer_plugin.so.7: cannot open shared object file: No such file or directory; LD_LIBRARY_PATH: /u/mi3se/anaconda3/envs/ml/lib:/sw/centos-7.4/anaconda3/current/lib:/sw/centos-7.4/cudnn/current/lib64:/sw/centos-7.4/cuda/current/extras/CUPTI/lib64:/sw/centos-7.4/cuda/current/lib64:/lib::/u/mi3se/anaconda3/envs/ml/lib/
2023-01-21 20:07:34.056075: W tensorflow/compiler/tf2tensorrt/utils/py_utils.cc:38] TF-TRT Warning: Cannot dlopen some TensorRT libraries. If you would like to use Nvidia GPU with TensorRT, please make sure the missing libraries mentioned above are installed properly.
2023-01-21 20:13:40.997504: I tensorflow/core/platform/cpu_feature_guard.cc:193] This TensorFlow binary is optimized with oneAPI Deep Neural Network Library (oneDNN) to use the following CPU instructions in performance-critical operations:  AVX2 FMA
To enable them in other operations, rebuild TensorFlow with the appropriate compiler flags.
2023-01-21 20:13:41.454985: I tensorflow/core/common_runtime/gpu/gpu_device.cc:1616] Created device /job:localhost/replica:0/task:0/device:GPU:0 with 38266 MB memory:  -> device: 0, name: NVIDIA A100-PCIE-40GB, pci bus id: 0000:81:00.0, compute capability: 8.0
   FIPS  AgeDist  HealthDisp  ... LinearSpace  SinWeekly  CosWeekly
0  1001   0.1611       4.202  ...         0.0    -0.9749    -0.2225
1  1001   0.1611       4.202  ...         0.0    -0.7818     0.6235
2  1001   0.1611       4.202  ...         0.0     0.0000     1.0000

[3 rows x 14 columns]
Shapes: train (2010880, 14), validation (87976, 14), test (87976, 14).
Shapes: data (1926046, 13, 10), labels (1926046, 15).
Shapes: data (3142, 13, 10), labels (3142, 15).
Shapes: data (3142, 13, 10), labels (3142, 15).
Model: "sequential"
_________________________________________________________________
 Layer (type)                Output Shape              Param #   
=================================================================
 bidirectional (Bidirectiona  (None, 13, 256)          142336    
 l)                                                              
                                                                 
 dropout (Dropout)           (None, 13, 256)           0         
                                                                 
 bidirectional_1 (Bidirectio  (None, 256)              394240    
 nal)                                                            
                                                                 
 dense (Dense)               (None, 15)                3855      
                                                                 
=================================================================
Total params: 540,431
Trainable params: 540,431
Non-trainable params: 0
_________________________________________________________________

----Training started at 2023-01-21 20:13:43.165701----

Epoch 1/200
2023-01-21 20:13:47.886625: I tensorflow/stream_executor/cuda/cuda_dnn.cc:384] Loaded cuDNN version 8201
2023-01-21 20:13:48.708652: I tensorflow/stream_executor/cuda/cuda_blas.cc:1614] TensorFloat-32 will be used for the matrix multiplication. This will only be logged once.
15048/15048 - 93s - loss: 0.6292 - val_loss: 0.6574 - 93s/epoch - 6ms/step
Epoch 2/200
15048/15048 - 82s - loss: 0.5081 - val_loss: 0.5978 - 82s/epoch - 5ms/step
Epoch 3/200
15048/15048 - 83s - loss: 0.4700 - val_loss: 0.5734 - 83s/epoch - 6ms/step
Epoch 4/200
15048/15048 - 83s - loss: 0.4389 - val_loss: 0.5719 - 83s/epoch - 6ms/step
Epoch 5/200
15048/15048 - 83s - loss: 0.4179 - val_loss: 0.5826 - 83s/epoch - 6ms/step
Epoch 6/200
15048/15048 - 83s - loss: 0.3998 - val_loss: 0.5578 - 83s/epoch - 6ms/step
Epoch 7/200
15048/15048 - 83s - loss: 0.3886 - val_loss: 0.5346 - 83s/epoch - 6ms/step
Epoch 8/200
15048/15048 - 83s - loss: 0.3718 - val_loss: 0.5260 - 83s/epoch - 6ms/step
Epoch 9/200
15048/15048 - 83s - loss: 0.3578 - val_loss: 0.5205 - 83s/epoch - 6ms/step
Epoch 10/200
15048/15048 - 83s - loss: 0.3496 - val_loss: 0.5208 - 83s/epoch - 6ms/step
Epoch 11/200
15048/15048 - 83s - loss: 0.3368 - val_loss: 0.5128 - 83s/epoch - 6ms/step
Epoch 12/200
15048/15048 - 83s - loss: 0.3205 - val_loss: 0.5132 - 83s/epoch - 6ms/step
Epoch 13/200
15048/15048 - 83s - loss: 0.3111 - val_loss: 0.5155 - 83s/epoch - 6ms/step
Epoch 14/200
15048/15048 - 83s - loss: 0.3020 - val_loss: 0.4821 - 83s/epoch - 6ms/step
Epoch 15/200
15048/15048 - 83s - loss: 0.2927 - val_loss: 0.4951 - 83s/epoch - 6ms/step
Epoch 16/200
15048/15048 - 84s - loss: 0.2884 - val_loss: 0.4842 - 84s/epoch - 6ms/step
Epoch 17/200
15048/15048 - 83s - loss: 0.2847 - val_loss: 0.4920 - 83s/epoch - 6ms/step
Epoch 18/200
15048/15048 - 84s - loss: 0.2741 - val_loss: 0.4631 - 84s/epoch - 6ms/step
Epoch 19/200
15048/15048 - 83s - loss: 0.2669 - val_loss: 0.4693 - 83s/epoch - 6ms/step
Epoch 20/200
15048/15048 - 83s - loss: 0.2554 - val_loss: 0.5019 - 83s/epoch - 6ms/step
Epoch 21/200
15048/15048 - 83s - loss: 0.2588 - val_loss: 0.4847 - 83s/epoch - 6ms/step
Epoch 22/200
15048/15048 - 83s - loss: 0.2476 - val_loss: 0.4589 - 83s/epoch - 6ms/step
Epoch 23/200
15048/15048 - 83s - loss: 0.2422 - val_loss: 0.4431 - 83s/epoch - 6ms/step
Epoch 24/200
15048/15048 - 83s - loss: 0.2328 - val_loss: 0.4650 - 83s/epoch - 6ms/step
Epoch 25/200
15048/15048 - 83s - loss: 0.2287 - val_loss: 0.4829 - 83s/epoch - 6ms/step
Epoch 26/200
15048/15048 - 83s - loss: 0.2253 - val_loss: 0.4675 - 83s/epoch - 6ms/step
Epoch 27/200
15048/15048 - 83s - loss: 0.2205 - val_loss: 0.4210 - 83s/epoch - 6ms/step
Epoch 28/200
15048/15048 - 83s - loss: 0.2179 - val_loss: 0.4448 - 83s/epoch - 6ms/step
Epoch 29/200
15048/15048 - 83s - loss: 0.2131 - val_loss: 0.4676 - 83s/epoch - 6ms/step
Epoch 30/200
15048/15048 - 83s - loss: 0.2091 - val_loss: 0.4489 - 83s/epoch - 6ms/step
Epoch 31/200
15048/15048 - 83s - loss: 0.2058 - val_loss: 0.4478 - 83s/epoch - 6ms/step
Epoch 32/200
15048/15048 - 83s - loss: 0.2033 - val_loss: 0.4469 - 83s/epoch - 6ms/step

----Training ended at 2023-01-21 21:17:43.684564, elapsed time 1:04:00.518863.
Best model by validation loss saved at scratch/results_bilstm_baseline/model.h5.
Loading best model.

Train prediction
30095/30095 - 120s - 120s/epoch - 4ms/step
               FIPS         Cases  Predicted_Cases
count  1.970034e+06  1.970034e+06     1.970034e+06
mean   3.038365e+04  2.307067e+01     2.178349e+01
std    1.516010e+04  1.323530e+02     9.701758e+01
min    1.001000e+03  0.000000e+00     0.000000e+00
25%    1.817700e+04  0.000000e+00     1.000000e+00
50%    2.917600e+04  2.000000e+00     4.000000e+00
75%    4.508100e+04  1.100000e+01     1.200000e+01
max    5.604500e+04  2.061825e+04     7.301000e+03
Target Cases, MAE 10.141, RMSE 61.569, RMSLE 0.97073, SMAPE 0.86389. NNSE 0.8221.


Validation prediction
50/50 - 0s - 278ms/epoch - 6ms/step
               FIPS         Cases  Predicted_Cases
count  47130.000000  47130.000000     47130.000000
mean   30383.649268     36.087948        28.608848
std    15160.256142    145.638721        92.577621
min     1001.000000      0.000000         0.000000
25%    18177.000000      0.000000         2.000000
50%    29176.000000      3.000000         7.000000
75%    45081.000000     21.000000        20.000000
max    56045.000000   8204.000000      5613.000000
Target Cases, MAE 19.699, RMSE 84.916, RMSLE 1.236, SMAPE 0.95329. NNSE 0.74629.


Test prediction
50/50 - 0s - 180ms/epoch - 4ms/step
               FIPS         Cases  Predicted_Cases
count  47130.000000  47130.000000     47130.000000
mean   30383.649268     58.835832        42.967643
std    15160.256142    321.494080       128.199388
min     1001.000000      0.000000         0.000000
25%    18177.000000      0.000000         3.000000
50%    29176.000000      3.000000        10.000000
75%    45081.000000     21.250000        31.000000
max    56045.000000  20618.250000      5162.000000
Target Cases, MAE 37.626, RMSE 246.42, RMSLE 1.421, SMAPE 0.9891. NNSE 0.62991.

Ended at 2023-01-21 21:40:55.107765. Elapsed time 1:27:11.942088
