2023-01-21 20:13:15.300697: I tensorflow/core/platform/cpu_feature_guard.cc:193] This TensorFlow binary is optimized with oneAPI Deep Neural Network Library (oneDNN) to use the following CPU instructions in performance-critical operations:  AVX2 FMA
To enable them in other operations, rebuild TensorFlow with the appropriate compiler flags.
2023-01-21 20:13:15.453331: E tensorflow/stream_executor/cuda/cuda_blas.cc:2981] Unable to register cuBLAS factory: Attempting to register factory for plugin cuBLAS when one has already been registered
2023-01-21 20:13:16.435641: W tensorflow/stream_executor/platform/default/dso_loader.cc:64] Could not load dynamic library 'libnvinfer.so.7'; dlerror: libnvinfer.so.7: cannot open shared object file: No such file or directory; LD_LIBRARY_PATH: /u/mi3se/anaconda3/envs/ml/lib:/sw/centos-7.4/anaconda3/current/lib:/sw/centos-7.4/cudnn/current/lib64:/sw/centos-7.4/cuda/current/extras/CUPTI/lib64:/sw/centos-7.4/cuda/current/lib64:/lib::/u/mi3se/anaconda3/envs/ml/lib/
2023-01-21 20:13:16.435737: W tensorflow/stream_executor/platform/default/dso_loader.cc:64] Could not load dynamic library 'libnvinfer_plugin.so.7'; dlerror: libnvinfer_plugin.so.7: cannot open shared object file: No such file or directory; LD_LIBRARY_PATH: /u/mi3se/anaconda3/envs/ml/lib:/sw/centos-7.4/anaconda3/current/lib:/sw/centos-7.4/cudnn/current/lib64:/sw/centos-7.4/cuda/current/extras/CUPTI/lib64:/sw/centos-7.4/cuda/current/lib64:/lib::/u/mi3se/anaconda3/envs/ml/lib/
2023-01-21 20:13:16.435745: W tensorflow/compiler/tf2tensorrt/utils/py_utils.cc:38] TF-TRT Warning: Cannot dlopen some TensorRT libraries. If you would like to use Nvidia GPU with TensorRT, please make sure the missing libraries mentioned above are installed properly.
2023-01-21 20:19:45.968428: I tensorflow/core/platform/cpu_feature_guard.cc:193] This TensorFlow binary is optimized with oneAPI Deep Neural Network Library (oneDNN) to use the following CPU instructions in performance-critical operations:  AVX2 FMA
To enable them in other operations, rebuild TensorFlow with the appropriate compiler flags.
2023-01-21 20:19:46.463466: I tensorflow/core/common_runtime/gpu/gpu_device.cc:1616] Created device /job:localhost/replica:0/task:0/device:GPU:0 with 38266 MB memory:  -> device: 0, name: NVIDIA A100-PCIE-40GB, pci bus id: 0000:c1:00.0, compute capability: 8.0
   FIPS  AgeDist  HealthDisp  ... LinearSpace  SinWeekly  CosWeekly
0  1001   0.1611       4.202  ...         0.0    -0.9749    -0.2225
1  1001   0.1611       4.202  ...         0.0    -0.7818     0.6235
2  1001   0.1611       4.202  ...         0.0     0.0000     1.0000

[3 rows x 14 columns]
Shapes: train (2111424, 14), validation (87976, 14), test (87976, 14).
Shapes: data (2026590, 13, 10), labels (2026590, 15).
Shapes: data (3142, 13, 10), labels (3142, 15).
Shapes: data (3142, 13, 10), labels (3142, 15).
Model: "sequential"
_________________________________________________________________
 Layer (type)                Output Shape              Param #   
=================================================================
 bidirectional (Bidirectiona  (None, 13, 256)          142336    
 l)                                                              
                                                                 
 dropout (Dropout)           (None, 13, 256)           0         
                                                                 
 bidirectional_1 (Bidirectio  (None, 256)              394240    
 nal)                                                            
                                                                 
 dense (Dense)               (None, 15)                3855      
                                                                 
=================================================================
Total params: 540,431
Trainable params: 540,431
Non-trainable params: 0
_________________________________________________________________

----Training started at 2023-01-21 20:19:48.207457----

Epoch 1/200
2023-01-21 20:19:53.033680: I tensorflow/stream_executor/cuda/cuda_dnn.cc:384] Loaded cuDNN version 8201
2023-01-21 20:19:53.874622: I tensorflow/stream_executor/cuda/cuda_blas.cc:1614] TensorFloat-32 will be used for the matrix multiplication. This will only be logged once.
15833/15833 - 101s - loss: 0.5626 - val_loss: 10.6815 - 101s/epoch - 6ms/step
Epoch 2/200
15833/15833 - 91s - loss: 0.4519 - val_loss: 9.2983 - 91s/epoch - 6ms/step
Epoch 3/200
15833/15833 - 93s - loss: 0.4181 - val_loss: 8.7110 - 93s/epoch - 6ms/step
Epoch 4/200
15833/15833 - 95s - loss: 0.3968 - val_loss: 8.5929 - 95s/epoch - 6ms/step
Epoch 5/200
15833/15833 - 94s - loss: 0.3702 - val_loss: 8.3814 - 94s/epoch - 6ms/step
Epoch 6/200
15833/15833 - 94s - loss: 0.3479 - val_loss: 8.3956 - 94s/epoch - 6ms/step
Epoch 7/200
15833/15833 - 95s - loss: 0.3339 - val_loss: 7.8983 - 95s/epoch - 6ms/step
Epoch 8/200
15833/15833 - 95s - loss: 0.3171 - val_loss: 7.7732 - 95s/epoch - 6ms/step
Epoch 9/200
15833/15833 - 94s - loss: 0.3070 - val_loss: 7.2686 - 94s/epoch - 6ms/step
Epoch 10/200
15833/15833 - 95s - loss: 0.2970 - val_loss: 7.0352 - 95s/epoch - 6ms/step
Epoch 11/200
15833/15833 - 95s - loss: 0.2861 - val_loss: 7.1949 - 95s/epoch - 6ms/step
Epoch 12/200
15833/15833 - 92s - loss: 0.2808 - val_loss: 6.9446 - 92s/epoch - 6ms/step
Epoch 13/200
15833/15833 - 92s - loss: 0.2702 - val_loss: 6.5944 - 92s/epoch - 6ms/step
Epoch 14/200
15833/15833 - 92s - loss: 0.2605 - val_loss: 7.0880 - 92s/epoch - 6ms/step
Epoch 15/200
15833/15833 - 91s - loss: 0.2536 - val_loss: 6.7211 - 91s/epoch - 6ms/step
Epoch 16/200
15833/15833 - 92s - loss: 0.2445 - val_loss: 6.6942 - 92s/epoch - 6ms/step
Epoch 17/200
15833/15833 - 92s - loss: 0.2529 - val_loss: 6.5953 - 92s/epoch - 6ms/step
Epoch 18/200
15833/15833 - 92s - loss: 0.2380 - val_loss: 7.1596 - 92s/epoch - 6ms/step

----Training ended at 2023-01-21 20:52:43.335085, elapsed time 0:32:55.127628.
Best model by validation loss saved at scratch/results_bilstm_split_1/model.h5.
Loading best model.

Train prediction
31666/31666 - 834s - 834s/epoch - 26ms/step
               FIPS         Cases  Predicted_Cases
count  2.070578e+06  2.070578e+06     2.070578e+06
mean   3.038365e+04  2.447055e+01     2.307101e+01
std    1.516010e+04  1.430273e+02     9.464735e+01
min    1.001000e+03  0.000000e+00     0.000000e+00
25%    1.817700e+04  0.000000e+00     1.000000e+00
50%    2.917600e+04  2.000000e+00     4.000000e+00
75%    4.508100e+04  1.200000e+01     1.300000e+01
max    5.604500e+04  2.061825e+04     6.137000e+03
Target Cases, MAE 11.952, RMSE 77.303, RMSLE 1.0475, SMAPE 0.81312. NNSE 0.77392.


Validation prediction
50/50 - 1s - 1s/epoch - 27ms/step
               FIPS         Cases  Predicted_Cases
count  47130.000000  47130.000000     47130.000000
mean   30383.649268    130.366120        83.769637
std    15160.256142    566.621625       314.575951
min     1001.000000      0.000000         0.000000
25%    18177.000000      0.000000         3.000000
50%    29176.000000      8.000000        11.000000
75%    45081.000000     59.500000        37.000000
max    56045.000000  20618.250000      6929.000000
Target Cases, MAE 80.149, RMSE 363.76, RMSLE 1.7534, SMAPE 1.1504. NNSE 0.70814.


Test prediction
50/50 - 1s - 1s/epoch - 26ms/step
               FIPS         Cases  Predicted_Cases
count  47130.000000  47130.000000     47130.000000
mean   30383.649268    113.286850       103.840526
std    15160.256142    498.940187       330.356177
min     1001.000000      0.000000         0.000000
25%    18177.000000      0.000000         5.000000
50%    29176.000000     10.000000        18.000000
75%    45081.000000     68.000000        64.000000
max    56045.000000  20618.250000      6238.000000
Target Cases, MAE 58.753, RMSE 314.72, RMSLE 1.7268, SMAPE 0.9732. NNSE 0.71536.

Ended at 2023-01-21 21:17:18.641998. Elapsed time 0:57:30.434564
