2023-01-21 12:44:47.189474: I tensorflow/core/platform/cpu_feature_guard.cc:193] This TensorFlow binary is optimized with oneAPI Deep Neural Network Library (oneDNN) to use the following CPU instructions in performance-critical operations:  AVX2 AVX512F FMA
To enable them in other operations, rebuild TensorFlow with the appropriate compiler flags.
2023-01-21 12:44:47.477354: E tensorflow/stream_executor/cuda/cuda_blas.cc:2981] Unable to register cuBLAS factory: Attempting to register factory for plugin cuBLAS when one has already been registered
2023-01-21 12:44:48.974109: W tensorflow/stream_executor/platform/default/dso_loader.cc:64] Could not load dynamic library 'libnvinfer.so.7'; dlerror: libnvinfer.so.7: cannot open shared object file: No such file or directory; LD_LIBRARY_PATH: /u/mi3se/anaconda3/envs/ml/lib:/sw/centos-7.4/anaconda3/current/lib:/sw/centos-7.4/cudnn/current/lib64:/sw/centos-7.4/cuda/current/extras/CUPTI/lib64:/sw/centos-7.4/cuda/current/lib64:/lib::/u/mi3se/anaconda3/envs/ml/lib/
2023-01-21 12:44:48.974278: W tensorflow/stream_executor/platform/default/dso_loader.cc:64] Could not load dynamic library 'libnvinfer_plugin.so.7'; dlerror: libnvinfer_plugin.so.7: cannot open shared object file: No such file or directory; LD_LIBRARY_PATH: /u/mi3se/anaconda3/envs/ml/lib:/sw/centos-7.4/anaconda3/current/lib:/sw/centos-7.4/cudnn/current/lib64:/sw/centos-7.4/cuda/current/extras/CUPTI/lib64:/sw/centos-7.4/cuda/current/lib64:/lib::/u/mi3se/anaconda3/envs/ml/lib/
2023-01-21 12:44:48.974297: W tensorflow/compiler/tf2tensorrt/utils/py_utils.cc:38] TF-TRT Warning: Cannot dlopen some TensorRT libraries. If you would like to use Nvidia GPU with TensorRT, please make sure the missing libraries mentioned above are installed properly.
2023-01-21 12:56:47.522291: I tensorflow/core/platform/cpu_feature_guard.cc:193] This TensorFlow binary is optimized with oneAPI Deep Neural Network Library (oneDNN) to use the following CPU instructions in performance-critical operations:  AVX2 AVX512F FMA
To enable them in other operations, rebuild TensorFlow with the appropriate compiler flags.
2023-01-21 12:56:49.112011: I tensorflow/core/common_runtime/gpu/gpu_device.cc:1616] Created device /job:localhost/replica:0/task:0/device:GPU:0 with 10407 MB memory:  -> device: 0, name: NVIDIA GeForce GTX 1080 Ti, pci bus id: 0000:b1:00.0, compute capability: 6.1
   FIPS  AgeDist  HealthDisp  ... LinearSpace  SinWeekly  CosWeekly
0  1001   0.1611       4.202  ...         0.0    -0.9749    -0.2225
1  1001   0.1611       4.202  ...         0.0    -0.7818     0.6235
2  1001   0.1611       4.202  ...         0.0     0.0000     1.0000

[3 rows x 14 columns]
Shapes: train (2296802, 14), validation (87976, 14), test (87976, 14).
Shapes: data (2211968, 13, 10), labels (2211968, 15).
Shapes: data (3142, 13, 10), labels (3142, 15).
Shapes: data (3142, 13, 10), labels (3142, 15).
Model: "sequential"
_________________________________________________________________
 Layer (type)                Output Shape              Param #   
=================================================================
 lstm (LSTM)                 (None, 13, 64)            19200     
                                                                 
 dropout (Dropout)           (None, 13, 64)            0         
                                                                 
 lstm_1 (LSTM)               (None, 64)                33024     
                                                                 
 dense (Dense)               (None, 64)                4160      
                                                                 
 dense_1 (Dense)             (None, 15)                975       
                                                                 
=================================================================
Total params: 57,359
Trainable params: 57,359
Non-trainable params: 0
_________________________________________________________________

----Training started at 2023-01-21 12:56:53.123958----

Epoch 1/200
2023-01-21 12:56:59.195499: I tensorflow/stream_executor/cuda/cuda_dnn.cc:384] Loaded cuDNN version 8201
17281/17281 - 134s - loss: 0.5816 - val_loss: 0.1542 - 134s/epoch - 8ms/step
Epoch 2/200
17281/17281 - 121s - loss: 0.4038 - val_loss: 0.2260 - 121s/epoch - 7ms/step
Epoch 3/200
17281/17281 - 122s - loss: 0.3648 - val_loss: 0.2962 - 122s/epoch - 7ms/step
Epoch 4/200
17281/17281 - 120s - loss: 0.3489 - val_loss: 0.3637 - 120s/epoch - 7ms/step
Epoch 5/200
17281/17281 - 120s - loss: 0.3436 - val_loss: 0.3664 - 120s/epoch - 7ms/step
Epoch 6/200
17281/17281 - 119s - loss: 0.3286 - val_loss: 0.5091 - 119s/epoch - 7ms/step

----Training ended at 2023-01-21 13:09:45.056498, elapsed time 0:12:51.932540.
Best model by validation loss saved at scratch/results_LSTM_split_3/model.h5.
Loading best model.

Train prediction
17281/17281 - 64s - 64s/epoch - 4ms/step
               FIPS         Cases  Predicted_Cases
count  2.249672e+06  2.249672e+06     2.249672e+06
mean   3.038365e+04  2.926275e+01     2.905724e+01
std    1.516010e+04  1.814576e+02     1.123606e+02
min    1.001000e+03  0.000000e+00     0.000000e+00
25%    1.817700e+04  0.000000e+00     1.000000e+00
50%    2.917600e+04  2.000000e+00     7.000000e+00
75%    4.508100e+04  1.300000e+01     2.100000e+01
max    5.604500e+04  2.061825e+04     4.283000e+03
Target Cases, MAE 19.354, RMSE 120.07, RMSLE 1.3941, SMAPE 0.96111. NNSE 0.69548.


Validation prediction
25/25 - 0s - 96ms/epoch - 4ms/step
               FIPS         Cases  Predicted_Cases
count  40846.000000  40846.000000     40846.000000
mean   30383.649268     10.534740        35.933237
std    15160.280886     62.302951        72.141864
min     1001.000000      0.000000         0.000000
25%    18177.000000      0.000000         8.000000
50%    29176.000000      0.000000        21.000000
75%    45081.000000      4.000000        40.000000
max    56045.000000   4467.000000      2398.000000
Target Cases, MAE 30.318, RMSE 70.328, RMSLE 2.3667, SMAPE 1.4904. NNSE 0.43971.


Test prediction
25/25 - 0s - 106ms/epoch - 4ms/step
               FIPS         Cases  Predicted_Cases
count  40846.000000  40846.000000     40846.000000
mean   30383.649268      9.559088        39.675048
std    15160.280886     98.512097        63.245662
min     1001.000000      0.000000         0.000000
25%    18177.000000      0.000000        14.000000
50%    29176.000000      0.000000        29.000000
75%    45081.000000      2.000000        47.000000
max    56045.000000   8467.000000      2074.000000
Target Cases, MAE 36.173, RMSE 99.837, RMSLE 2.7891, SMAPE 1.6639. NNSE 0.49332.

Ended at 2023-01-21 14:17:42.122005. Elapsed time 1:20:48.998092
