2023-01-22 09:05:06.598381: I tensorflow/core/platform/cpu_feature_guard.cc:193] This TensorFlow binary is optimized with oneAPI Deep Neural Network Library (oneDNN) to use the following CPU instructions in performance-critical operations:  AVX2 FMA
To enable them in other operations, rebuild TensorFlow with the appropriate compiler flags.
2023-01-22 09:05:06.759394: E tensorflow/stream_executor/cuda/cuda_blas.cc:2981] Unable to register cuBLAS factory: Attempting to register factory for plugin cuBLAS when one has already been registered
2023-01-22 09:05:07.706991: W tensorflow/stream_executor/platform/default/dso_loader.cc:64] Could not load dynamic library 'libnvinfer.so.7'; dlerror: libnvinfer.so.7: cannot open shared object file: No such file or directory; LD_LIBRARY_PATH: /u/mi3se/anaconda3/envs/ml/lib:/sw/centos-7.4/anaconda3/current/lib:/sw/centos-7.4/cudnn/current/lib64:/sw/centos-7.4/cuda/current/extras/CUPTI/lib64:/sw/centos-7.4/cuda/current/lib64:/u/mi3se/anaconda3/envs/ml/lib/
2023-01-22 09:05:07.707091: W tensorflow/stream_executor/platform/default/dso_loader.cc:64] Could not load dynamic library 'libnvinfer_plugin.so.7'; dlerror: libnvinfer_plugin.so.7: cannot open shared object file: No such file or directory; LD_LIBRARY_PATH: /u/mi3se/anaconda3/envs/ml/lib:/sw/centos-7.4/anaconda3/current/lib:/sw/centos-7.4/cudnn/current/lib64:/sw/centos-7.4/cuda/current/extras/CUPTI/lib64:/sw/centos-7.4/cuda/current/lib64:/u/mi3se/anaconda3/envs/ml/lib/
2023-01-22 09:05:07.707099: W tensorflow/compiler/tf2tensorrt/utils/py_utils.cc:38] TF-TRT Warning: Cannot dlopen some TensorRT libraries. If you would like to use Nvidia GPU with TensorRT, please make sure the missing libraries mentioned above are installed properly.
   FIPS  AgeDist  HealthDisp  ... LinearSpace  SinWeekly  CosWeekly
0  1001   0.1611       4.202  ...         0.0    -0.9749    -0.2225
1  1001   0.1611       4.202  ...         0.0    -0.7818     0.6235
2  1001   0.1611       4.202  ...         0.0     0.0000     1.0000

[3 rows x 14 columns]
Shapes: train (2111424, 14), validation (87976, 14), test (87976, 14).

----Training started at 2023-01-22 09:06:11.335600----


----Training ended at 2023-01-22 16:15:23.417128, elapsed time 7:09:12.081528.
Best model by validation loss saved at /u/mi3se/Git/gpce-covid/Related Works/scratch/results_NBEATS_split_1/best-epoch=7.ckpt.
Loading best model.

Validation prediction
Target Cases, MAE 89.548, RMSE 369.61, RMSLE 1.9351, SMAPE 1.3635. NNSE 0.70147.

               FIPS  TimeFromStart  Predicted_Cases         Cases
count  47130.000000    47130.00000     47130.000000  47130.000000
mean   30383.649268      679.00000        70.541588    130.303862
std    15160.256142        4.32054       309.140991    566.586309
min     1001.000000      672.00000         0.000000      0.000000
25%    18177.000000      675.00000         4.000000      0.000000
50%    29176.000000      679.00000         7.000000      8.000000
75%    45081.000000      683.00000        26.000000     59.000000
max    56045.000000      686.00000      9595.000000  20618.000000

Test prediction
Target Cases, MAE 62.653, RMSE 248.58, RMSLE 1.9676, SMAPE 1.1741. NNSE 0.80112.

               FIPS  TimeFromStart  Predicted_Cases         Cases
count  47130.000000    47130.00000     47130.000000  47130.000000
mean   30383.649268      694.00000       110.502762    113.217929
std    15160.256142        4.32054       427.785858    498.915690
min     1001.000000      687.00000         0.000000      0.000000
25%    18177.000000      690.00000         5.000000      0.000000
50%    29176.000000      694.00000        21.000000     10.000000
75%    45081.000000      698.00000        57.000000     68.000000
max    56045.000000      701.00000     16617.000000  20618.000000
Ended at 2023-01-22 16:27:41.189653. Elapsed time 7:21:29.854071
