2023-01-24 16:46:11.969249: I tensorflow/core/platform/cpu_feature_guard.cc:193] This TensorFlow binary is optimized with oneAPI Deep Neural Network Library (oneDNN) to use the following CPU instructions in performance-critical operations:  AVX2 FMA
To enable them in other operations, rebuild TensorFlow with the appropriate compiler flags.
2023-01-24 16:46:12.204218: E tensorflow/stream_executor/cuda/cuda_blas.cc:2981] Unable to register cuBLAS factory: Attempting to register factory for plugin cuBLAS when one has already been registered
2023-01-24 16:46:13.824205: W tensorflow/stream_executor/platform/default/dso_loader.cc:64] Could not load dynamic library 'libnvinfer.so.7'; dlerror: libnvinfer.so.7: cannot open shared object file: No such file or directory; LD_LIBRARY_PATH: /u/mi3se/anaconda3/envs/ml/lib:/sw/centos-7.4/anaconda3/current/lib:/sw/centos-7.4/cudnn/current/lib64:/sw/centos-7.4/cuda/current/extras/CUPTI/lib64:/sw/centos-7.4/cuda/current/lib64:/u/mi3se/anaconda3/envs/ml/lib/
2023-01-24 16:46:13.824625: W tensorflow/stream_executor/platform/default/dso_loader.cc:64] Could not load dynamic library 'libnvinfer_plugin.so.7'; dlerror: libnvinfer_plugin.so.7: cannot open shared object file: No such file or directory; LD_LIBRARY_PATH: /u/mi3se/anaconda3/envs/ml/lib:/sw/centos-7.4/anaconda3/current/lib:/sw/centos-7.4/cudnn/current/lib64:/sw/centos-7.4/cuda/current/extras/CUPTI/lib64:/sw/centos-7.4/cuda/current/lib64:/u/mi3se/anaconda3/envs/ml/lib/
2023-01-24 16:46:13.824642: W tensorflow/compiler/tf2tensorrt/utils/py_utils.cc:38] TF-TRT Warning: Cannot dlopen some TensorRT libraries. If you would like to use Nvidia GPU with TensorRT, please make sure the missing libraries mentioned above are installed properly.
   FIPS  AgeDist  HealthDisp  ... TimeFromStart  SinWeekly  CosWeekly
0  1001   0.1611       4.202  ...             0    -0.9749    -0.2225
1  1001   0.1611       4.202  ...             1    -0.7818     0.6235
2  1001   0.1611       4.202  ...             2     0.0000     1.0000

[3 rows x 12 columns]
Shapes: train (3160852, 12), validation (87976, 12), test (87976, 12).

----Training started at 2023-01-24 16:47:48.097943----


----Training ended at 2023-01-26 03:44:11.661180, elapsed time 1 day, 10:56:23.563237.
Best model by validation loss saved at /u/mi3se/Git/gpce-covid/Related Works/scratch/results_NBEATS_split_dec/best-epoch=5.ckpt.
Loading best model.

Validation prediction
Target Cases, MAE 27.059, RMSE 181.17, RMSLE 2.3276, SMAPE 1.6647. NNSE 0.53505.

               FIPS  TimeFromStart  Predicted_Cases         Cases
count  47130.000000    47130.00000     47130.000000  47130.000000
mean   30383.649268     1013.00000        20.466518     12.965776
std    15160.256142        4.32054        91.527138    194.344373
min     1001.000000     1006.00000         0.000000      0.000000
25%    18177.000000     1009.00000         5.000000      0.000000
50%    29176.000000     1013.00000         8.000000      0.000000
75%    45081.000000     1017.00000        13.000000      0.000000
max    56045.000000     1020.00000      6082.000000  22323.000000

Test prediction
Target Cases, MAE 21.013, RMSE 133.38, RMSLE 2.1582, SMAPE 1.589. NNSE 0.58481.

               FIPS  TimeFromStart  Predicted_Cases         Cases
count  47130.000000    47130.00000     47130.000000  47130.000000
mean   30383.649268     1028.00000        18.770994     13.620963
std    15160.256142        4.32054        97.053848    158.295082
min     1001.000000     1021.00000         0.000000      0.000000
25%    18177.000000     1024.00000         5.000000      0.000000
50%    29176.000000     1028.00000         8.000000      0.000000
75%    45081.000000     1032.00000        13.000000      0.000000
max    56045.000000     1035.00000      5389.000000  19054.000000
Ended at 2023-01-26 03:51:41.681734. Elapsed time 1 day, 11:03:53.583827
