2023-01-21 23:42:23.060311: I tensorflow/core/platform/cpu_feature_guard.cc:193] This TensorFlow binary is optimized with oneAPI Deep Neural Network Library (oneDNN) to use the following CPU instructions in performance-critical operations:  AVX2 FMA
To enable them in other operations, rebuild TensorFlow with the appropriate compiler flags.
2023-01-21 23:42:23.222359: E tensorflow/stream_executor/cuda/cuda_blas.cc:2981] Unable to register cuBLAS factory: Attempting to register factory for plugin cuBLAS when one has already been registered
2023-01-21 23:42:24.158084: W tensorflow/stream_executor/platform/default/dso_loader.cc:64] Could not load dynamic library 'libnvinfer.so.7'; dlerror: libnvinfer.so.7: cannot open shared object file: No such file or directory; LD_LIBRARY_PATH: /u/mi3se/anaconda3/envs/ml/lib:/sw/centos-7.4/anaconda3/current/lib:/sw/centos-7.4/cudnn/current/lib64:/sw/centos-7.4/cuda/current/extras/CUPTI/lib64:/sw/centos-7.4/cuda/current/lib64:/lib::/u/mi3se/anaconda3/envs/ml/lib/
2023-01-21 23:42:24.158188: W tensorflow/stream_executor/platform/default/dso_loader.cc:64] Could not load dynamic library 'libnvinfer_plugin.so.7'; dlerror: libnvinfer_plugin.so.7: cannot open shared object file: No such file or directory; LD_LIBRARY_PATH: /u/mi3se/anaconda3/envs/ml/lib:/sw/centos-7.4/anaconda3/current/lib:/sw/centos-7.4/cudnn/current/lib64:/sw/centos-7.4/cuda/current/extras/CUPTI/lib64:/sw/centos-7.4/cuda/current/lib64:/lib::/u/mi3se/anaconda3/envs/ml/lib/
2023-01-21 23:42:24.158196: W tensorflow/compiler/tf2tensorrt/utils/py_utils.cc:38] TF-TRT Warning: Cannot dlopen some TensorRT libraries. If you would like to use Nvidia GPU with TensorRT, please make sure the missing libraries mentioned above are installed properly.
   FIPS  AgeDist  HealthDisp  ... LinearSpace  SinWeekly  CosWeekly
0  1001   0.1611       4.202  ...         0.0    -0.9749    -0.2225
1  1001   0.1611       4.202  ...         0.0    -0.7818     0.6235
2  1001   0.1611       4.202  ...         0.0     0.0000     1.0000

[3 rows x 14 columns]
Shapes: train (2010880, 14), validation (87976, 14), test (87976, 14).

----Training started at 2023-01-21 23:43:31.562432----


----Training ended at 2023-01-22 03:59:31.580678, elapsed time 4:16:00.018246.
Best model by validation loss saved at /u/mi3se/Git/gpce-covid/Related Works/scratch/results_NBEATS/best-epoch=2.ckpt.
Loading best model.

Validation prediction
Target Cases, MAE 24.77, RMSE 89.709, RMSLE 1.6176, SMAPE 1.2275. NNSE 0.72493.

               FIPS  TimeFromStart  Predicted_Cases         Cases
count  47130.000000    47130.00000     47130.000000  47130.000000
mean   30383.649268      647.00000        22.877531     36.080013
std    15160.256142        4.32054        87.046471    145.636146
min     1001.000000      640.00000         0.000000      0.000000
25%    18177.000000      643.00000         1.000000      0.000000
50%    29176.000000      647.00000         6.000000      3.000000
75%    45081.000000      651.00000        11.000000     21.000000
max    56045.000000      654.00000      4029.000000   8204.000000

Test prediction
Target Cases, MAE 41.223, RMSE 244.83, RMSLE 1.6486, SMAPE 1.134. NNSE 0.63291.

               FIPS  TimeFromStart  Predicted_Cases         Cases
count  47130.000000    47130.00000     47130.000000  47130.000000
mean   30383.649268      662.00000        36.337620     58.825207
std    15160.256142        4.32054       122.880196    321.482813
min     1001.000000      655.00000         0.000000      0.000000
25%    18177.000000      658.00000         2.000000      0.000000
50%    29176.000000      662.00000         6.000000      3.000000
75%    45081.000000      666.00000        20.000000     21.000000
max    56045.000000      669.00000      3942.000000  20618.000000
Ended at 2023-01-22 04:12:10.242702. Elapsed time 4:28:38.680289
