2023-01-24 10:19:01.424820: I tensorflow/core/platform/cpu_feature_guard.cc:193] This TensorFlow binary is optimized with oneAPI Deep Neural Network Library (oneDNN) to use the following CPU instructions in performance-critical operations:  AVX2 FMA
To enable them in other operations, rebuild TensorFlow with the appropriate compiler flags.
2023-01-24 10:19:01.690776: E tensorflow/stream_executor/cuda/cuda_blas.cc:2981] Unable to register cuBLAS factory: Attempting to register factory for plugin cuBLAS when one has already been registered
2023-01-24 10:19:04.485317: W tensorflow/stream_executor/platform/default/dso_loader.cc:64] Could not load dynamic library 'libnvinfer.so.7'; dlerror: libnvinfer.so.7: cannot open shared object file: No such file or directory; LD_LIBRARY_PATH: /u/mi3se/anaconda3/envs/ml/lib:/sw/centos-7.4/anaconda3/current/lib:/sw/centos-7.4/cudnn/current/lib64:/sw/centos-7.4/cuda/current/extras/CUPTI/lib64:/sw/centos-7.4/cuda/current/lib64:/u/mi3se/anaconda3/envs/ml/lib/
2023-01-24 10:19:04.485557: W tensorflow/stream_executor/platform/default/dso_loader.cc:64] Could not load dynamic library 'libnvinfer_plugin.so.7'; dlerror: libnvinfer_plugin.so.7: cannot open shared object file: No such file or directory; LD_LIBRARY_PATH: /u/mi3se/anaconda3/envs/ml/lib:/sw/centos-7.4/anaconda3/current/lib:/sw/centos-7.4/cudnn/current/lib64:/sw/centos-7.4/cuda/current/extras/CUPTI/lib64:/sw/centos-7.4/cuda/current/lib64:/u/mi3se/anaconda3/envs/ml/lib/
2023-01-24 10:19:04.485585: W tensorflow/compiler/tf2tensorrt/utils/py_utils.cc:38] TF-TRT Warning: Cannot dlopen some TensorRT libraries. If you would like to use Nvidia GPU with TensorRT, please make sure the missing libraries mentioned above are installed properly.
   FIPS  AgeDist  HealthDisp  ... LinearSpace  SinWeekly  CosWeekly
0  1001   0.1611       4.202  ...         0.0    -0.9749    -0.2225
1  1001   0.1611       4.202  ...         0.0    -0.7818     0.6235
2  1001   0.1611       4.202  ...         0.0     0.0000     1.0000

[3 rows x 14 columns]
Shapes: train (2208826, 14), validation (87976, 14), test (87976, 14).

----Training started at 2023-01-24 10:20:42.605218----


----Training ended at 2023-01-25 16:44:31.541445, elapsed time 1 day, 6:23:48.936227.
Best model by validation loss saved at /u/mi3se/Git/gpce-covid/Related Works/scratch/results_NBEATS_split_2/best-epoch=7.ckpt.
Loading best model.

Validation prediction
Target Cases, MAE 56.399, RMSE 195.66, RMSLE 2.0162, SMAPE 1.093. NNSE 0.60124.

               FIPS  TimeFromStart  Predicted_Cases         Cases
count  47130.000000    47130.00000     47130.000000  47130.000000
mean   30383.649268      710.00000        86.370865     51.022151
std    15160.256142        4.32054       266.681824    240.256305
min     1001.000000      703.00000         0.000000      0.000000
25%    18177.000000      706.00000         3.000000      0.000000
50%    29176.000000      710.00000        14.000000      6.000000
75%    45081.000000      714.00000        76.000000     34.000000
max    56045.000000      717.00000      9261.000000  20618.000000

Test prediction
Target Cases, MAE 26.365, RMSE 109.21, RMSLE 1.803, SMAPE 1.1818. NNSE 0.53809.

               FIPS  TimeFromStart  Predicted_Cases         Cases
count  47130.000000    47130.00000     47130.000000  47130.000000
mean   30383.649268      725.00000        35.489159     21.187842
std    15160.256142        4.32054       143.833633    117.869212
min     1001.000000      718.00000         0.000000      0.000000
25%    18177.000000      721.00000         1.000000      0.000000
50%    29176.000000      725.00000         7.000000      1.000000
75%    45081.000000      729.00000        21.000000     12.000000
max    56045.000000      732.00000      8361.000000  13935.000000
Ended at 2023-01-25 16:50:03.352205. Elapsed time 1 day, 6:29:20.747007
