bash: /sw/centos-7.4/anaconda3/current/lib/libtinfo.so.6: no version information available (required by bash)
2022-11-27 00:05:07.631086: I tensorflow/core/platform/cpu_feature_guard.cc:193] This TensorFlow binary is optimized with oneAPI Deep Neural Network Library (oneDNN) to use the following CPU instructions in performance-critical operations:  AVX2 AVX512F AVX512_VNNI FMA
To enable them in other operations, rebuild TensorFlow with the appropriate compiler flags.
2022-11-27 00:05:07.739883: I tensorflow/core/util/util.cc:169] oneDNN custom operations are on. You may see slightly different numerical results due to floating-point round-off errors from different computation orders. To turn them off, set the environment variable `TF_ENABLE_ONEDNN_OPTS=0`.
2022-11-27 00:05:07.765816: E tensorflow/stream_executor/cuda/cuda_blas.cc:2981] Unable to register cuBLAS factory: Attempting to register factory for plugin cuBLAS when one has already been registered
2022-11-27 00:05:08.506180: W tensorflow/stream_executor/platform/default/dso_loader.cc:64] Could not load dynamic library 'libnvinfer.so.7'; dlerror: libnvinfer.so.7: cannot open shared object file: No such file or directory; LD_LIBRARY_PATH: /sw/centos-7.4/anaconda3/current/lib:/u/mi3se/anaconda3/envs/ml/lib/:/u/mi3se/anaconda3/envs/ml/lib/:/u/mi3se/anaconda3/envs/ml/lib
2022-11-27 00:05:08.506230: W tensorflow/stream_executor/platform/default/dso_loader.cc:64] Could not load dynamic library 'libnvinfer_plugin.so.7'; dlerror: libnvinfer_plugin.so.7: cannot open shared object file: No such file or directory; LD_LIBRARY_PATH: /sw/centos-7.4/anaconda3/current/lib:/u/mi3se/anaconda3/envs/ml/lib/:/u/mi3se/anaconda3/envs/ml/lib/:/u/mi3se/anaconda3/envs/ml/lib
2022-11-27 00:05:08.506235: W tensorflow/compiler/tf2tensorrt/utils/py_utils.cc:38] TF-TRT Warning: Cannot dlopen some TensorRT libraries. If you would like to use Nvidia GPU with TensorRT, please make sure the missing libraries mentioned above are installed properly.
Shapes: train (2296802, 14), validation (87976, 14), test (87976, 14).

----Training started at 2022-11-27 00:06:01.140209----


----Training ended at 2022-11-27 00:51:49.482792, elapsed time 0:45:48.342583.
Best model by validation loss saved at /u/mi3se/Git/gpce-covid/Related Works/results_NHiTS_split_3/best-epoch=1.ckpt.
Loading best model.

Validation prediction
Target Cases, MAE 14.945, RMSE 56.743, RMSLE 1.6642, SMAPE 1.1967. NNSE 0.54939.

               FIPS  TimeFromStart  Predicted_Cases         Cases
count  47130.000000    47130.00000     47130.000000  47130.000000
mean   30383.649268      738.00000        18.550264     11.188542
std    15160.256142        4.32054        68.841461     62.655272
min     1001.000000      731.00000         0.000000      0.000000
25%    18177.000000      734.00000         0.000000      0.000000
50%    29176.000000      738.00000         5.000000      0.000000
75%    45081.000000      742.00000        13.000000      5.000000
max    56045.000000      745.00000      2742.000000   4467.000000

Test prediction
Target Cases, MAE 13.489, RMSE 81.676, RMSLE 1.6978, SMAPE 1.3064. NNSE 0.5707.

               FIPS  TimeFromStart  Predicted_Cases         Cases
count  47130.000000    47130.00000     47130.000000  47130.000000
mean   30383.649268      753.00000        13.918905      9.425992
std    15160.256142        4.32054        54.702496     94.172369
min     1001.000000      746.00000         0.000000      0.000000
25%    18177.000000      749.00000         2.000000      0.000000
50%    29176.000000      753.00000         6.000000      0.000000
75%    45081.000000      757.00000        12.000000      2.000000
max    56045.000000      760.00000      3455.000000   8467.000000
