2023-01-21 23:54:32.123437: I tensorflow/core/platform/cpu_feature_guard.cc:193] This TensorFlow binary is optimized with oneAPI Deep Neural Network Library (oneDNN) to use the following CPU instructions in performance-critical operations:  AVX2 FMA
To enable them in other operations, rebuild TensorFlow with the appropriate compiler flags.
2023-01-21 23:54:32.291330: E tensorflow/stream_executor/cuda/cuda_blas.cc:2981] Unable to register cuBLAS factory: Attempting to register factory for plugin cuBLAS when one has already been registered
2023-01-21 23:54:33.237111: W tensorflow/stream_executor/platform/default/dso_loader.cc:64] Could not load dynamic library 'libnvinfer.so.7'; dlerror: libnvinfer.so.7: cannot open shared object file: No such file or directory; LD_LIBRARY_PATH: /u/mi3se/anaconda3/envs/ml/lib:/sw/centos-7.4/anaconda3/current/lib:/sw/centos-7.4/cudnn/current/lib64:/sw/centos-7.4/cuda/current/extras/CUPTI/lib64:/sw/centos-7.4/cuda/current/lib64:/lib::/u/mi3se/anaconda3/envs/ml/lib/
2023-01-21 23:54:33.237216: W tensorflow/stream_executor/platform/default/dso_loader.cc:64] Could not load dynamic library 'libnvinfer_plugin.so.7'; dlerror: libnvinfer_plugin.so.7: cannot open shared object file: No such file or directory; LD_LIBRARY_PATH: /u/mi3se/anaconda3/envs/ml/lib:/sw/centos-7.4/anaconda3/current/lib:/sw/centos-7.4/cudnn/current/lib64:/sw/centos-7.4/cuda/current/extras/CUPTI/lib64:/sw/centos-7.4/cuda/current/lib64:/lib::/u/mi3se/anaconda3/envs/ml/lib/
2023-01-21 23:54:33.237225: W tensorflow/compiler/tf2tensorrt/utils/py_utils.cc:38] TF-TRT Warning: Cannot dlopen some TensorRT libraries. If you would like to use Nvidia GPU with TensorRT, please make sure the missing libraries mentioned above are installed properly.
Shapes: train (2010880, 14), validation (87976, 14), test (87976, 14).

----Training started at 2023-01-21 23:55:37.447622----


----Training ended at 2023-01-22 02:19:48.139805, elapsed time 2:24:10.692183.
Best model by validation loss saved at /u/mi3se/Git/gpce-covid/Related Works/scratch/results_NHiTS/best-epoch=7.ckpt.
Loading best model.

Validation prediction
Target Cases, MAE 21.135, RMSE 89.184, RMSLE 1.2873, SMAPE 1.092. NNSE 0.72727.

               FIPS  TimeFromStart  Predicted_Cases         Cases
count  47130.000000    47130.00000     47130.000000  47130.000000
mean   30383.649268      647.00000        25.633121     36.080013
std    15160.256142        4.32054        83.256073    145.636146
min     1001.000000      640.00000         0.000000      0.000000
25%    18177.000000      643.00000         3.000000      0.000000
50%    29176.000000      647.00000         6.000000      3.000000
75%    45081.000000      651.00000        16.000000     21.000000
max    56045.000000      654.00000      3766.000000   8204.000000

Test prediction
Target Cases, MAE 36.785, RMSE 247.45, RMSLE 1.3661, SMAPE 1.066. NNSE 0.62796.

               FIPS  TimeFromStart  Predicted_Cases         Cases
count  47130.000000    47130.00000     47130.000000  47130.000000
mean   30383.649268      662.00000        37.663971     58.825207
std    15160.256142        4.32054       123.738365    321.482813
min     1001.000000      655.00000         0.000000      0.000000
25%    18177.000000      658.00000         3.000000      0.000000
50%    29176.000000      662.00000         7.000000      3.000000
75%    45081.000000      666.00000        24.000000     21.000000
max    56045.000000      669.00000      5015.000000  20618.000000
Ended at 2023-01-22 02:23:54.936947. Elapsed time 2:28:17.489355
