/var/spool/slurm/slurmd/job40409496/slurm_script: line 14: /home/mi3se/anaconda3/bin/activate: No such file or directory
ModuleCmd_Load.c(213):ERROR:105: Unable to locate a modulefile for 'cuda'
ModuleCmd_Load.c(213):ERROR:105: Unable to locate a modulefile for 'cudnn'
ModuleCmd_Load.c(213):ERROR:105: Unable to locate a modulefile for 'anaconda'
2022-06-21 11:38:25.340823: I tensorflow/stream_executor/platform/default/dso_loader.cc:49] Successfully opened dynamic library libcudart.so.10.1
2022-06-21 11:38:31.812899: I tensorflow/compiler/jit/xla_cpu_device.cc:41] Not creating XLA devices, tf_xla_enable_xla_devices not set
2022-06-21 11:38:31.814803: I tensorflow/stream_executor/platform/default/dso_loader.cc:49] Successfully opened dynamic library libcuda.so.1
2022-06-21 11:38:31.856318: I tensorflow/core/common_runtime/gpu/gpu_device.cc:1720] Found device 0 with properties: 
pciBusID: 0000:3d:00.0 name: Tesla V100-PCIE-16GB computeCapability: 7.0
coreClock: 1.38GHz coreCount: 80 deviceMemorySize: 15.78GiB deviceMemoryBandwidth: 836.37GiB/s
2022-06-21 11:38:31.856355: I tensorflow/stream_executor/platform/default/dso_loader.cc:49] Successfully opened dynamic library libcudart.so.10.1
2022-06-21 11:38:31.929313: I tensorflow/stream_executor/platform/default/dso_loader.cc:49] Successfully opened dynamic library libcublas.so.10
2022-06-21 11:38:31.929390: I tensorflow/stream_executor/platform/default/dso_loader.cc:49] Successfully opened dynamic library libcublasLt.so.10
2022-06-21 11:38:31.988807: I tensorflow/stream_executor/platform/default/dso_loader.cc:49] Successfully opened dynamic library libcufft.so.10
2022-06-21 11:38:32.015696: I tensorflow/stream_executor/platform/default/dso_loader.cc:49] Successfully opened dynamic library libcurand.so.10
2022-06-21 11:38:32.057520: I tensorflow/stream_executor/platform/default/dso_loader.cc:49] Successfully opened dynamic library libcusolver.so.10
2022-06-21 11:38:32.092638: I tensorflow/stream_executor/platform/default/dso_loader.cc:49] Successfully opened dynamic library libcusparse.so.10
2022-06-21 11:38:32.230869: I tensorflow/stream_executor/platform/default/dso_loader.cc:49] Successfully opened dynamic library libcudnn.so.7
2022-06-21 11:38:32.232670: I tensorflow/core/common_runtime/gpu/gpu_device.cc:1862] Adding visible gpu devices: 0
2022-06-21 11:38:39.151605: I tensorflow/core/platform/cpu_feature_guard.cc:142] This TensorFlow binary is optimized with oneAPI Deep Neural Network Library (oneDNN) to use the following CPU instructions in performance-critical operations:  SSE4.1 SSE4.2 AVX AVX2 AVX512F FMA
To enable them in other operations, rebuild TensorFlow with the appropriate compiler flags.
2022-06-21 11:38:39.152124: I tensorflow/compiler/jit/xla_gpu_device.cc:99] Not creating XLA devices, tf_xla_enable_xla_devices not set
2022-06-21 11:38:39.153439: I tensorflow/core/common_runtime/gpu/gpu_device.cc:1720] Found device 0 with properties: 
pciBusID: 0000:3d:00.0 name: Tesla V100-PCIE-16GB computeCapability: 7.0
coreClock: 1.38GHz coreCount: 80 deviceMemorySize: 15.78GiB deviceMemoryBandwidth: 836.37GiB/s
2022-06-21 11:38:39.153469: I tensorflow/stream_executor/platform/default/dso_loader.cc:49] Successfully opened dynamic library libcudart.so.10.1
2022-06-21 11:38:39.153527: I tensorflow/stream_executor/platform/default/dso_loader.cc:49] Successfully opened dynamic library libcublas.so.10
2022-06-21 11:38:39.153545: I tensorflow/stream_executor/platform/default/dso_loader.cc:49] Successfully opened dynamic library libcublasLt.so.10
2022-06-21 11:38:39.153562: I tensorflow/stream_executor/platform/default/dso_loader.cc:49] Successfully opened dynamic library libcufft.so.10
2022-06-21 11:38:39.153577: I tensorflow/stream_executor/platform/default/dso_loader.cc:49] Successfully opened dynamic library libcurand.so.10
2022-06-21 11:38:39.153591: I tensorflow/stream_executor/platform/default/dso_loader.cc:49] Successfully opened dynamic library libcusolver.so.10
2022-06-21 11:38:39.153606: I tensorflow/stream_executor/platform/default/dso_loader.cc:49] Successfully opened dynamic library libcusparse.so.10
2022-06-21 11:38:39.153623: I tensorflow/stream_executor/platform/default/dso_loader.cc:49] Successfully opened dynamic library libcudnn.so.7
2022-06-21 11:38:39.155107: I tensorflow/core/common_runtime/gpu/gpu_device.cc:1862] Adding visible gpu devices: 0
2022-06-21 11:38:39.174977: I tensorflow/stream_executor/platform/default/dso_loader.cc:49] Successfully opened dynamic library libcudart.so.10.1
2022-06-21 11:38:41.217883: I tensorflow/core/common_runtime/gpu/gpu_device.cc:1261] Device interconnect StreamExecutor with strength 1 edge matrix:
2022-06-21 11:38:41.217949: I tensorflow/core/common_runtime/gpu/gpu_device.cc:1267]      0 
2022-06-21 11:38:41.217962: I tensorflow/core/common_runtime/gpu/gpu_device.cc:1280] 0:   N 
2022-06-21 11:38:41.220600: I tensorflow/core/common_runtime/gpu/gpu_device.cc:1406] Created TensorFlow device (/job:localhost/replica:0/task:0/device:GPU:0 with 14682 MB memory) -> physical GPU (device: 0, name: Tesla V100-PCIE-16GB, pci bus id: 0000:3d:00.0, compute capability: 7.0)
WARNING:tensorflow:AutoGraph could not transform <bound method TemporalFusionTransformer.call of <Class.TemporalFusionTransformer.TemporalFusionTransformer object at 0x2af41522eaf0>> and will run it as-is.
Please report this to the TensorFlow team. When filing the bug, set the verbosity to 10 (on Linux, `export AUTOGRAPH_VERBOSITY=10`) and attach the full output.
Cause: module 'gast' has no attribute 'Index'
To silence this warning, decorate the function with @tf.autograph.experimental.do_not_convert
Loading config.json from ../../reproduce/population_cut/config.json
Num GPUs Available:  1
Loading input data from ../../reproduce/population_cut/Population_cut.csv
Input feature file shape (405000, 25)
Column mappings: {'Static': ['AgeDist', 'AirPollution', 'Comorbidities', 'HealthDisp', 'Mobility', 'ResidentialDense'], 'ID': ['FIPS'], 'Time': ['TimeFromStart'], 'Target': ['Cases'], 'Future': ['LinearSpace', 'Constant', 'LinearTime', 'P2Time', 'P3Time', 'P4Time', 'CosWeekly', 'SinWeekly'], 'Known Regular': ['AgeDist', 'AirPollution', 'Comorbidities', 'HealthDisp', 'Mobility', 'ResidentialDense', 'DiseaseSpread', 'Transmission', 'VaccinationFull', 'VaccinationOne', 'SocialDist', 'Testing']}

Number train data is 317000, validation 44000, test 44000
Running the model for 60 epochs.
Epoch 1
WARNING:tensorflow:AutoGraph could not transform <bound method HiD_EmbeddingLayer.call of <Class.TemporalFusionTransformer.HiD_EmbeddingLayer object at 0x2af415e8ba00>> and will run it as-is.
Please report this to the TensorFlow team. When filing the bug, set the verbosity to 10 (on Linux, `export AUTOGRAPH_VERBOSITY=10`) and attach the full output.
Cause: module 'gast' has no attribute 'Index'
To silence this warning, decorate the function with @tf.autograph.experimental.do_not_convert
WARNING:tensorflow:AutoGraph could not transform <bound method StaticVSN.call of <Class.TemporalFusionTransformer.StaticVSN object at 0x2af415e8b2e0>> and will run it as-is.
Please report this to the TensorFlow team. When filing the bug, set the verbosity to 10 (on Linux, `export AUTOGRAPH_VERBOSITY=10`) and attach the full output.
Cause: module 'gast' has no attribute 'Index'
To silence this warning, decorate the function with @tf.autograph.experimental.do_not_convert
WARNING:tensorflow:AutoGraph could not transform <bound method TemporalVSN.call of <Class.TemporalFusionTransformer.TemporalVSN object at 0x2af415f18d90>> and will run it as-is.
Please report this to the TensorFlow team. When filing the bug, set the verbosity to 10 (on Linux, `export AUTOGRAPH_VERBOSITY=10`) and attach the full output.
Cause: module 'gast' has no attribute 'Index'
To silence this warning, decorate the function with @tf.autograph.experimental.do_not_convert
WARNING:tensorflow:AutoGraph could not transform <bound method InterpretableMultiHeadAttention.call of <Class.TemporalFusionTransformer.InterpretableMultiHeadAttention object at 0x2af416220280>> and will run it as-is.
Please report this to the TensorFlow team. When filing the bug, set the verbosity to 10 (on Linux, `export AUTOGRAPH_VERBOSITY=10`) and attach the full output.
Cause: module 'gast' has no attribute 'Index'
To silence this warning, decorate the function with @tf.autograph.experimental.do_not_convert
WARNING:tensorflow:AutoGraph could not transform <bound method ScaledDotProductAttention.call of <Class.TemporalFusionTransformer.ScaledDotProductAttention object at 0x2af416229430>> and will run it as-is.
Please report this to the TensorFlow team. When filing the bug, set the verbosity to 10 (on Linux, `export AUTOGRAPH_VERBOSITY=10`) and attach the full output.
Cause: module 'gast' has no attribute 'Index'
To silence this warning, decorate the function with @tf.autograph.experimental.do_not_convert
2022-06-21 11:39:01.411330: I tensorflow/compiler/mlir/mlir_graph_optimization_pass.cc:116] None of the MLIR optimization passes are enabled (registered 2)
2022-06-21 11:39:01.569838: I tensorflow/core/platform/profile_utils/cpu_utils.cc:112] CPU Frequency: 2600000000 Hz
2022-06-21 11:39:06.771581: I tensorflow/stream_executor/platform/default/dso_loader.cc:49] Successfully opened dynamic library libcublas.so.10
2022-06-21 11:39:07.386389: I tensorflow/stream_executor/platform/default/dso_loader.cc:49] Successfully opened dynamic library libcudnn.so.7
