Config file loaded from ../config_2022_May.json
Unique counties present 3142
Merging feature Age Distribution.csv with length 3142
Merging feature Health Disparities.csv with length 3142

Merged static features have 3142 counties
Removing outliers from dynamic inputs.   
Reading Disease Spread.csv
Outliers found 3919, percent 0.154
Min date 2020-02-28 00:00:00, max date 2022-05-17 00:00:00
Filtering out dynamic features outside range 2020-02-29 00:00:00 and 2022-05-17 00:00:00.
Length 2541878.

Reading Transmissible Cases.csv
Outliers found 584, percent 0.023
Min date 2020-02-28 00:00:00, max date 2022-05-17 00:00:00
Filtering out dynamic features outside range 2020-02-29 00:00:00 and 2022-05-17 00:00:00.
Length 2541878.

Reading Vaccination.csv
Outliers found 266, percent 0.016
Min date 2020-12-13 00:00:00, max date 2022-05-17 00:00:00
Filtering out dynamic features outside range 2020-02-29 00:00:00 and 2022-05-17 00:00:00.
Length 1679704.

Reading Social Distancing.csv
Outliers found 111516, percent 4.382
Min date 2020-02-28 00:00:00, max date 2022-05-17 00:00:00
Filtering out dynamic features outside range 2020-02-29 00:00:00 and 2022-05-17 00:00:00.
Length 2541878.

Total dynamic feature shape (2584600, 7)
Will remove outliers from target.       
Reading Cases.csv
Outliers found 88970, percent 3.312
Setting negative daily Cases counts to zero.
Min date 2020-01-22 00:00:00, max date 2022-05-25 00:00:00
Will filter out target data outside range 2020-02-29 00:00:00 and 2022-05-17 00:00:00.
Length 2541878.

Reading Deaths.csv
Outliers found 195631, percent 7.368
Setting negative daily Deaths counts to zero.
Min date 2020-01-22 00:00:00, max date 2022-05-15 00:00:00
Will filter out target data outside range 2020-02-29 00:00:00 and 2022-05-17 00:00:00.
Length 2535594.

Total target feature shape (2541878, 4)
Merging all features
Total merged data shape (2541878, 11)
Missing percentage in total data
VaccinationFull    35.60
Deaths              0.25
FIPS                0.00
AgeDist             0.00
HealthDisp          0.00
Name                0.00
Date                0.00
DiseaseSpread       0.00
Transmission        0.00
SocialDist          0.00
Cases               0.00
dtype: float64
Filling null values with 0
Adding time based embeddings.
Writing total data to ../2022_May_cleaned/Total.csv

Slicing based on top 500 counties by population
Writing population cut data to ../2022_May_cleaned/Top_500.csv

Slicing based on top 100 counties by population
Writing population cut data to ../2022_May_cleaned/Top_100.csv