[rank: 0] Global seed set to 7
2023-02-22 18:55:17.612115: I tensorflow/core/platform/cpu_feature_guard.cc:193] This TensorFlow binary is optimized with oneAPI Deep Neural Network Library (oneDNN) to use the following CPU instructions in performance-critical operations:  AVX2 FMA
To enable them in other operations, rebuild TensorFlow with the appropriate compiler flags.
2023-02-22 18:55:18.301622: W tensorflow/stream_executor/platform/default/dso_loader.cc:64] Could not load dynamic library 'libcudart.so.11.0'; dlerror: libcudart.so.11.0: cannot open shared object file: No such file or directory; LD_LIBRARY_PATH: /.singularity.d/libs
2023-02-22 18:55:18.301704: I tensorflow/stream_executor/cuda/cudart_stub.cc:29] Ignore above cudart dlerror if you do not have a GPU set up on your machine.
2023-02-22 18:55:18.375681: E tensorflow/stream_executor/cuda/cuda_blas.cc:2981] Unable to register cuBLAS factory: Attempting to register factory for plugin cuBLAS when one has already been registered
2023-02-22 18:55:20.086579: W tensorflow/stream_executor/platform/default/dso_loader.cc:64] Could not load dynamic library 'libnvinfer.so.7'; dlerror: libnvinfer.so.7: cannot open shared object file: No such file or directory; LD_LIBRARY_PATH: /.singularity.d/libs
2023-02-22 18:55:20.086769: W tensorflow/stream_executor/platform/default/dso_loader.cc:64] Could not load dynamic library 'libnvinfer_plugin.so.7'; dlerror: libnvinfer_plugin.so.7: cannot open shared object file: No such file or directory; LD_LIBRARY_PATH: /.singularity.d/libs
2023-02-22 18:55:20.086795: W tensorflow/compiler/tf2tensorrt/utils/py_utils.cc:38] TF-TRT Warning: Cannot dlopen some TensorRT libraries. If you would like to use Nvidia GPU with TensorRT, please make sure the missing libraries mentioned above are installed properly.
GPU available: True (cuda), used: True
TPU available: False, using: 0 TPU cores
IPU available: False, using: 0 IPUs
HPU available: False, using: 0 HPUs
Missing logger folder: ../scratch/TFT_split_2/lightning_logs
LOCAL_RANK: 0 - CUDA_VISIBLE_DEVICES: [0]

   | Name                               | Type                            | Params
----------------------------------------------------------------------------------------
0  | loss                               | MultiLoss                       | 0     
1  | logging_metrics                    | ModuleList                      | 0     
2  | input_embeddings                   | MultiEmbedding                  | 0     
3  | prescalers                         | ModuleDict                      | 144   
4  | static_variable_selection          | VariableSelectionNetwork        | 1.1 K 
5  | encoder_variable_selection         | VariableSelectionNetwork        | 4.4 K 
6  | decoder_variable_selection         | VariableSelectionNetwork        | 1.2 K 
7  | static_context_variable_selection  | GatedResidualNetwork            | 1.1 K 
8  | static_context_initial_hidden_lstm | GatedResidualNetwork            | 1.1 K 
9  | static_context_initial_cell_lstm   | GatedResidualNetwork            | 1.1 K 
10 | static_context_enrichment          | GatedResidualNetwork            | 1.1 K 
11 | lstm_encoder                       | LSTM                            | 2.2 K 
12 | lstm_decoder                       | LSTM                            | 2.2 K 
13 | post_lstm_gate_encoder             | GatedLinearUnit                 | 544   
14 | post_lstm_add_norm_encoder         | AddNorm                         | 32    
15 | static_enrichment                  | GatedResidualNetwork            | 1.4 K 
16 | multihead_attn                     | InterpretableMultiHeadAttention | 676   
17 | post_attn_gate_norm                | GateAddNorm                     | 576   
18 | pos_wise_ff                        | GatedResidualNetwork            | 1.1 K 
19 | pre_output_gate_norm               | GateAddNorm                     | 576   
20 | output_layer                       | Linear                          | 17    
----------------------------------------------------------------------------------------
20.4 K    Trainable params
0         Non-trainable params
20.4 K    Total params
0.082     Total estimated model params size (MB)
Metric val_loss improved. New best score: 1.337
Monitored metric val_loss did not improve in the last 3 records. Best score: 1.337. Signaling Trainer to stop.
cuda
(2541878, 12)
There are 3142 unique counties in the dataset.
Train samples 2208826, validation samples 87976, test samples 87976
703 days of training, 15 days of validation data, 15 days of test data.
Scaling static and dynamic input features: ['AgeDist', 'HealthDisp', 'DiseaseSpread', 'Transmission', 'VaccinationFull', 'SocialDist']
Scaling targets ['Cases']
Number of parameters in network: 20.4k

----Training started at 2023-02-22 18:55:22.249581----


----Training ended at 2023-02-22 22:59:32.090100, elapsed time 4:04:09.840519
Best model by validation loss saved at /gpfs/gpfs0/project/SDS/capstones/sdscap-ds6013/MLcommons/TFT-pytorch/scratch/TFT_split_2/checkpoints/best-epoch=0.ckpt
Loading best model from /gpfs/gpfs0/project/SDS/capstones/sdscap-ds6013/MLcommons/TFT-pytorch/scratch/TFT_split_2/checkpoints/best-epoch=0.ckpt

---Validation results--

Target Cases, MAE 51.24, RMSE 216.72, RMSLE 1.656, SMAPE 0.93555. NNSE 0.55139.


---Test results--

Target Cases, MAE 21.291, RMSE 93.923, RMSLE 1.4299, SMAPE 0.97007. NNSE 0.61168.

Ended at 2023-02-22 22:59:38.463413. Elapsed time 4:04:16.213843
