2023-01-10 13:10:51.137857: I tensorflow/core/platform/cpu_feature_guard.cc:193] This TensorFlow binary is optimized with oneAPI Deep Neural Network Library (oneDNN) to use the following CPU instructions in performance-critical operations:  AVX2 AVX512F AVX512_VNNI FMA
To enable them in other operations, rebuild TensorFlow with the appropriate compiler flags.
2023-01-10 13:10:51.277887: I tensorflow/core/util/util.cc:169] oneDNN custom operations are on. You may see slightly different numerical results due to floating-point round-off errors from different computation orders. To turn them off, set the environment variable `TF_ENABLE_ONEDNN_OPTS=0`.
2023-01-10 13:10:51.316035: E tensorflow/stream_executor/cuda/cuda_blas.cc:2981] Unable to register cuBLAS factory: Attempting to register factory for plugin cuBLAS when one has already been registered
2023-01-10 13:10:52.577755: W tensorflow/stream_executor/platform/default/dso_loader.cc:64] Could not load dynamic library 'libnvinfer.so.7'; dlerror: libnvinfer.so.7: cannot open shared object file: No such file or directory; LD_LIBRARY_PATH: /sw/centos-7.4/anaconda3/current/lib:/sw/centos-7.4/cudnn/current/lib64:/sw/centos-7.4/cuda/current/extras/CUPTI/lib64:/sw/centos-7.4/cuda/current/lib64:/u/mi3se/anaconda3/envs/ml/lib/
2023-01-10 13:10:52.577872: W tensorflow/stream_executor/platform/default/dso_loader.cc:64] Could not load dynamic library 'libnvinfer_plugin.so.7'; dlerror: libnvinfer_plugin.so.7: cannot open shared object file: No such file or directory; LD_LIBRARY_PATH: /sw/centos-7.4/anaconda3/current/lib:/sw/centos-7.4/cudnn/current/lib64:/sw/centos-7.4/cuda/current/extras/CUPTI/lib64:/sw/centos-7.4/cuda/current/lib64:/u/mi3se/anaconda3/envs/ml/lib/
2023-01-10 13:10:52.577884: W tensorflow/compiler/tf2tensorrt/utils/py_utils.cc:38] TF-TRT Warning: Cannot dlopen some TensorRT libraries. If you would like to use Nvidia GPU with TensorRT, please make sure the missing libraries mentioned above are installed properly.
Global seed set to 7
GPU available: True, used: True
TPU available: False, using: 0 TPU cores
IPU available: False, using: 0 IPUs
HPU available: False, using: 0 HPUs
Missing logger folder: ../scratch/TFT_baseline/lightning_logs
LOCAL_RANK: 0 - CUDA_VISIBLE_DEVICES: [7]

   | Name                               | Type                            | Params
----------------------------------------------------------------------------------------
0  | loss                               | MultiLoss                       | 0     
1  | logging_metrics                    | ModuleList                      | 0     
2  | input_embeddings                   | MultiEmbedding                  | 0     
3  | prescalers                         | ModuleDict                      | 144   
4  | static_variable_selection          | VariableSelectionNetwork        | 1.1 K 
5  | encoder_variable_selection         | VariableSelectionNetwork        | 4.4 K 
6  | decoder_variable_selection         | VariableSelectionNetwork        | 1.2 K 
7  | static_context_variable_selection  | GatedResidualNetwork            | 1.1 K 
8  | static_context_initial_hidden_lstm | GatedResidualNetwork            | 1.1 K 
9  | static_context_initial_cell_lstm   | GatedResidualNetwork            | 1.1 K 
10 | static_context_enrichment          | GatedResidualNetwork            | 1.1 K 
11 | lstm_encoder                       | LSTM                            | 2.2 K 
12 | lstm_decoder                       | LSTM                            | 2.2 K 
13 | post_lstm_gate_encoder             | GatedLinearUnit                 | 544   
14 | post_lstm_add_norm_encoder         | AddNorm                         | 32    
15 | static_enrichment                  | GatedResidualNetwork            | 1.4 K 
16 | multihead_attn                     | InterpretableMultiHeadAttention | 676   
17 | post_attn_gate_norm                | GateAddNorm                     | 576   
18 | pos_wise_ff                        | GatedResidualNetwork            | 1.1 K 
19 | pre_output_gate_norm               | GateAddNorm                     | 576   
20 | output_layer                       | Linear                          | 17    
----------------------------------------------------------------------------------------
20.4 K    Trainable params
0         Non-trainable params
20.4 K    Total params
0.082     Total estimated model params size (MB)
Metric val_loss improved. New best score: 0.421
Metric val_loss improved by 0.027 >= min_delta = 0. New best score: 0.394
Metric val_loss improved by 0.017 >= min_delta = 0. New best score: 0.376
Monitored metric val_loss did not improve in the last 3 records. Best score: 0.376. Signaling Trainer to stop.
cuda
(2541878, 14)
There are 3142 unique counties in the dataset.
Train samples 2010880, validation samples 87976, test samples 87976
640 days of training, 15 days of validation data, 15 days of test data.
Scaling static and dynamic input features: ['AgeDist', 'HealthDisp', 'DiseaseSpread', 'Transmission', 'VaccinationFull', 'SocialDist']
Scaling targets ['Cases']
Number of parameters in network: 20.4k

----Training started at 2023-01-10 13:11:24.047630----


----Training ended at 2023-01-10 18:23:28.996772, elapsed time 5:12:04.949142
Best model by validation loss saved at /u/mi3se/Git/gpce-covid/TFT-pytorch/scratch/TFT_baseline/checkpoints/best-epoch=4.ckpt
Creating folder ../scratch/TFT_baseline/figures
Loading best model from /u/mi3se/Git/gpce-covid/TFT-pytorch/scratch/TFT_baseline/checkpoints/best-epoch=4.ckpt

---Training prediction--


Train raw prediction shapes

prediction list of length 1 torch.Size([1926046, 15, 1])
encoder_attention torch.Size([1926046, 15, 4, 13])
decoder_attention torch.Size([1926046, 15, 4, 15])
static_variables torch.Size([1926046, 1, 2])
encoder_variables torch.Size([1926046, 13, 1, 7])
decoder_variables torch.Size([1926046, 15, 1, 2])
decoder_lengths torch.Size([1926046])
encoder_lengths torch.Size([1926046])

---Training results--

Target Cases, MAE 9.9091, RMSE 53.486, RMSLE 0.8876, SMAPE 0.72966. NNSE 0.85962.


---Validation results--

Target Cases, MAE 19.615, RMSE 82.216, RMSLE 1.3075, SMAPE 0.85379. NNSE 0.75833.


---Test results--

Target Cases, MAE 36.324, RMSE 221.15, RMSLE 1.4026, SMAPE 0.87956. NNSE 0.6788.


---Per county test results--

FIPS 10001
Target Cases, MAE 63.3, RMSE 75.145, RMSLE 2.1545, SMAPE 0.71022. NNSE 0.83019.


FIPS 10003
Target Cases, MAE 163.6, RMSE 213.31, RMSLE 2.4697, SMAPE 0.74803. NNSE 0.80833.


FIPS 10005
Target Cases, MAE 63.667, RMSE 79.458, RMSLE 2.0688, SMAPE 0.7223. NNSE 0.83622.


FIPS 1001
Target Cases, MAE 10.667, RMSE 16.029, RMSLE 1.1718, SMAPE 0.97731. NNSE 0.52546.


FIPS 1003
Target Cases, MAE 43.467, RMSE 67.202, RMSLE 1.6896, SMAPE 1.0761. NNSE 0.48088.


Variables:
Static ['AgeDist', 'HealthDisp'] 
Encoder ['SinWeekly', 'CosWeekly', 'DiseaseSpread', 'Transmission', 'VaccinationFull', 'SocialDist', 'Cases'] 
Decoder ['SinWeekly', 'CosWeekly'].
Weekdays when these attentions are maximum: 
[(-13, 'Sun'), (-12, 'Thu'), (-11, 'Mon'), (-10, 'Wed'), (-9, 'Tues'), (-8, 'Tues'), (-7, 'Mon'), (-6, 'Thu'), (-5, 'Thu'), (-4, 'Mon'), (-3, 'Wed'), (-2, 'Tues'), (-1, 'Wed')]
Interpreting train predictions
attention tensor([0.0455, 0.0190, 0.0166, 0.0242, 0.0424, 0.0774, 0.4787, 0.0904, 0.0345,
        0.0236, 0.0328, 0.0683, 0.1176])
static_variables tensor([1048765.1250,  877281.0000])
encoder_variables tensor([324867.6875, 205355.3438, 314400.2812,  62724.4961, 217272.7344,
         64474.5312, 736950.8125])
decoder_variables tensor([1403214.7500,  522829.2500])
encoder_length_histogram tensor([      0,       0,       0,       0,       0,       0,       0,       0,
              0,       0,       0,       0,       0, 1926046])
decoder_length_histogram tensor([      0,       0,       0,       0,       0,       0,       0,       0,
              0,       0,       0,       0,       0,       0, 1926046])
Ended at 2023-01-10 18:48:24.527443. Elapsed time 5:37:00.479826
